2023-12-06 05:35:09.830 [info] Log level: Info
2023-12-06 05:35:09.830 [info] Validating found git in: "git"
2023-12-06 05:35:09.830 [info] Using git "2.39.3" from "git"
2023-12-06 05:35:09.831 [info] > git rev-parse --show-toplevel [6ms]
2023-12-06 05:35:09.831 [info] > git rev-parse --git-dir --git-common-dir [2ms]
2023-12-06 05:35:09.832 [info] Open repository: /home/ec2-user
2023-12-06 05:35:09.832 [info] > git config --get commit.template [8ms]
2023-12-06 05:35:09.832 [info] > git rev-parse --show-toplevel [17ms]
2023-12-06 05:35:09.832 [info] > git for-each-ref --format=%(refname)%00%(upstream:short)%00%(objectname)%00%(upstream:track)%00%(upstream:remotename)%00%(upstream:remoteref) refs/heads/master refs/remotes/master [15ms]
2023-12-06 05:35:09.832 [info] > git rev-parse --show-toplevel [44ms]
2023-12-06 05:35:09.836 [info] > git rev-parse --show-toplevel [20ms]
2023-12-06 05:35:10.012 [info] > git status -z -uall [265ms]
2023-12-06 05:35:10.080 [info] > git rev-parse --show-toplevel [71ms]
2023-12-06 05:35:10.126 [info] > git config --get commit.template [48ms]
2023-12-06 05:35:10.313 [info] > git rev-parse --show-toplevel [205ms]
2023-12-06 05:35:10.325 [info] > git for-each-ref --format=%(refname)%00%(upstream:short)%00%(objectname)%00%(upstream:track)%00%(upstream:remotename)%00%(upstream:remoteref) refs/heads/master refs/remotes/master [13ms]
2023-12-06 05:35:10.337 [info] > git rev-parse --show-toplevel [14ms]
2023-12-06 05:35:10.411 [info] > git rev-parse --show-toplevel [56ms]
2023-12-06 05:35:10.438 [info] > git rev-parse --show-toplevel [16ms]
2023-12-06 05:35:10.472 [info] > git fetch [794ms]
2023-12-06 05:35:10.502 [info] > git status -z -uall [166ms] (cancelled)
2023-12-06 05:35:10.503 [info] > git rev-parse --show-toplevel [42ms]
2023-12-06 05:35:10.514 [info] > git config --get commit.template [13ms]
2023-12-06 05:35:10.520 [info] > git rev-parse --show-toplevel [7ms]
2023-12-06 05:35:10.527 [info] > git for-each-ref --format=%(refname)%00%(upstream:short)%00%(objectname)%00%(upstream:track)%00%(upstream:remotename)%00%(upstream:remoteref) refs/heads/master refs/remotes/master [8ms]
2023-12-06 05:35:10.535 [info] > git rev-parse --show-toplevel [8ms]
2023-12-06 05:35:10.582 [info] > git rev-parse --show-toplevel [40ms]
2023-12-06 05:35:10.637 [info] > git status -z -uall [103ms]
2023-12-06 05:35:10.656 [info] > git check-ignore -v -z --stdin [28ms]
2023-12-06 05:35:10.937 [info] > git show --textconv :date_log.txt [18ms]
2023-12-06 05:35:10.956 [info] > git ls-files --stage -- /home/ec2-user/date_log.txt [28ms]
2023-12-06 05:35:10.978 [info] > git cat-file -s e69de29bb2d1d6434b8b29ae775ad8c2e48c5391 [6ms]
2023-12-06 05:35:12.180 [info] > git ls-files --stage -- /home/ec2-user/date_log.txt [6ms]
2023-12-06 05:35:12.186 [info] > git cat-file -s e69de29bb2d1d6434b8b29ae775ad8c2e48c5391 [3ms]
2023-12-06 05:35:12.258 [info] > git show --textconv :date_log.txt [6ms]
2023-12-06 05:35:12.711 [info] > git config --get commit.template [6ms]
2023-12-06 05:35:12.714 [info] > git for-each-ref --format=%(refname)%00%(upstream:short)%00%(objectname)%00%(upstream:track)%00%(upstream:remotename)%00%(upstream:remoteref) refs/heads/master refs/remotes/master [4ms]
2023-12-06 05:35:12.794 [info] > git status -z -uall [76ms]
2023-12-06 05:35:16.118 [info] > git show --textconv :qaFolder/xyz.txt [8ms]
2023-12-06 05:35:16.124 [info] > git ls-files --stage -- /home/ec2-user/qaFolder/xyz.txt [6ms]
2023-12-06 05:35:17.813 [info] > git config --get commit.template [7ms]
2023-12-06 05:35:17.816 [info] > git for-each-ref --format=%(refname)%00%(upstream:short)%00%(objectname)%00%(upstream:track)%00%(upstream:remotename)%00%(upstream:remoteref) refs/heads/master refs/remotes/master [4ms]
2023-12-06 05:35:17.919 [info] > git status -z -uall [100ms]
2023-12-06 05:35:18.732 [info] > git show --textconv :qaFolder/qa1.sh [8ms]
2023-12-06 05:35:18.737 [info] > git ls-files --stage -- /home/ec2-user/qaFolder/qa1.sh [5ms]
2023-12-06 05:35:22.938 [info] > git config --get commit.template [6ms]
2023-12-06 05:35:22.941 [info] > git for-each-ref --format=%(refname)%00%(upstream:short)%00%(objectname)%00%(upstream:track)%00%(upstream:remotename)%00%(upstream:remoteref) refs/heads/master refs/remotes/master [4ms]
2023-12-06 05:35:23.022 [info] > git status -z -uall [78ms]
2023-12-06 05:35:28.041 [info] > git config --get commit.template [6ms]
2023-12-06 05:35:28.044 [info] > git for-each-ref --format=%(refname)%00%(upstream:short)%00%(objectname)%00%(upstream:track)%00%(upstream:remotename)%00%(upstream:remoteref) refs/heads/master refs/remotes/master [4ms]
2023-12-06 05:35:28.126 [info] > git status -z -uall [78ms]
2023-12-06 05:35:33.144 [info] > git config --get commit.template [6ms]
2023-12-06 05:35:33.148 [info] > git for-each-ref --format=%(refname)%00%(upstream:short)%00%(objectname)%00%(upstream:track)%00%(upstream:remotename)%00%(upstream:remoteref) refs/heads/master refs/remotes/master [5ms]
2023-12-06 05:35:33.234 [info] > git status -z -uall [83ms]
2023-12-06 05:35:36.918 [info] > git ls-files --stage -- /home/ec2-user/qaFolder/qa1.sh [5ms]
2023-12-06 05:35:36.924 [info] > git cat-file -s f96e3da6c19ccbe2ef87c5f78489f37067c79f8a [2ms]
2023-12-06 05:35:36.993 [info] > git show --textconv :qaFolder/qa1.sh [5ms]
2023-12-06 05:35:38.255 [info] > git config --get commit.template [6ms]
2023-12-06 05:35:38.258 [info] > git for-each-ref --format=%(refname)%00%(upstream:short)%00%(objectname)%00%(upstream:track)%00%(upstream:remotename)%00%(upstream:remoteref) refs/heads/master refs/remotes/master [4ms]
2023-12-06 05:35:38.358 [info] > git status -z -uall [96ms]
2023-12-06 05:35:43.382 [info] > git config --get commit.template [9ms]
2023-12-06 05:35:43.389 [info] > git for-each-ref --format=%(refname)%00%(upstream:short)%00%(objectname)%00%(upstream:track)%00%(upstream:remotename)%00%(upstream:remoteref) refs/heads/master refs/remotes/master [8ms]
2023-12-06 05:35:43.536 [info] > git status -z -uall [141ms]
