2023-12-04 05:23:57.152 [info] Log level: Info
2023-12-04 05:23:57.152 [info] Validating found git in: "git"
2023-12-04 05:23:57.153 [info] Using git "2.39.3" from "git"
2023-12-04 05:23:57.153 [info] > git rev-parse --show-toplevel [10ms]
2023-12-04 05:23:57.157 [info] > git rev-parse --git-dir --git-common-dir [5ms]
2023-12-04 05:23:57.179 [info] Open repository: /home/ec2-user
2023-12-04 05:23:57.202 [info] > git config --get commit.template [7ms]
2023-12-04 05:23:57.213 [info] > git rev-parse --show-toplevel [13ms]
2023-12-04 05:23:57.221 [info] > git for-each-ref --format=%(refname)%00%(upstream:short)%00%(objectname)%00%(upstream:track)%00%(upstream:remotename)%00%(upstream:remoteref) refs/heads/master refs/remotes/master [11ms]
2023-12-04 05:23:57.241 [info] > git rev-parse --show-toplevel [20ms]
2023-12-04 05:23:57.301 [info] > git rev-parse --show-toplevel [46ms]
2023-12-04 05:23:57.323 [info] > git rev-parse --show-toplevel [10ms]
2023-12-04 05:23:57.345 [info] > git rev-parse --show-toplevel [9ms]
2023-12-04 05:23:57.362 [info] > git rev-parse --show-toplevel [7ms]
2023-12-04 05:23:57.380 [info] > git rev-parse --show-toplevel [4ms]
2023-12-04 05:23:57.395 [info] > git rev-parse --show-toplevel [5ms]
2023-12-04 05:23:57.411 [info] > git rev-parse --show-toplevel [6ms]
2023-12-04 05:23:57.425 [info] > git status -z -uall [192ms]
2023-12-04 05:23:57.461 [info] > git rev-parse --show-toplevel [40ms]
2023-12-04 05:23:57.574 [info] > git config --get commit.template [112ms]
2023-12-04 05:23:57.650 [info] > git rev-parse --show-toplevel [179ms]
2023-12-04 05:23:57.657 [info] > git for-each-ref --format=%(refname)%00%(upstream:short)%00%(objectname)%00%(upstream:track)%00%(upstream:remotename)%00%(upstream:remoteref) refs/heads/master refs/remotes/master [14ms]
2023-12-04 05:23:57.753 [info] > git status -z -uall [92ms]
2023-12-04 05:23:57.914 [info] > git fetch [735ms]
2023-12-04 05:23:57.925 [info] > git config --get commit.template [5ms]
2023-12-04 05:23:57.928 [info] > git for-each-ref --format=%(refname)%00%(upstream:short)%00%(objectname)%00%(upstream:track)%00%(upstream:remotename)%00%(upstream:remoteref) refs/heads/master refs/remotes/master [3ms]
2023-12-04 05:23:58.009 [info] > git status -z -uall [78ms]
2023-12-04 05:23:58.187 [info] > git check-ignore -v -z --stdin [17ms]
2023-12-04 05:31:09.748 [info] > git config --get commit.template [11ms]
2023-12-04 05:31:09.752 [info] > git for-each-ref --format=%(refname)%00%(upstream:short)%00%(objectname)%00%(upstream:track)%00%(upstream:remotename)%00%(upstream:remoteref) refs/heads/master refs/remotes/master [8ms]
2023-12-04 05:31:09.883 [info] > git status -z -uall [122ms]
2023-12-04 05:31:10.360 [info] > git fetch [634ms]
2023-12-04 05:31:10.371 [info] > git config --get commit.template [5ms]
2023-12-04 05:31:10.374 [info] > git for-each-ref --format=%(refname)%00%(upstream:short)%00%(objectname)%00%(upstream:track)%00%(upstream:remotename)%00%(upstream:remoteref) refs/heads/master refs/remotes/master [3ms]
2023-12-04 05:31:10.453 [info] > git status -z -uall [76ms]
2023-12-04 05:31:14.903 [info] > git config --get commit.template [6ms]
2023-12-04 05:31:14.907 [info] > git for-each-ref --format=%(refname)%00%(upstream:short)%00%(objectname)%00%(upstream:track)%00%(upstream:remotename)%00%(upstream:remoteref) refs/heads/master refs/remotes/master [4ms]
2023-12-04 05:31:14.987 [info] > git status -z -uall [77ms]
2023-12-04 05:31:20.004 [info] > git config --get commit.template [7ms]
2023-12-04 05:31:20.008 [info] > git for-each-ref --format=%(refname)%00%(upstream:short)%00%(objectname)%00%(upstream:track)%00%(upstream:remotename)%00%(upstream:remoteref) refs/heads/master refs/remotes/master [6ms]
2023-12-04 05:31:20.106 [info] > git status -z -uall [93ms]
2023-12-04 05:31:25.163 [info] > git config --get commit.template [7ms]
2023-12-04 05:31:25.166 [info] > git for-each-ref --format=%(refname)%00%(upstream:short)%00%(objectname)%00%(upstream:track)%00%(upstream:remotename)%00%(upstream:remoteref) refs/heads/master refs/remotes/master [4ms]
2023-12-04 05:31:25.246 [info] > git status -z -uall [77ms]
2023-12-04 05:31:30.454 [info] > git config --get commit.template [5ms]
2023-12-04 05:31:30.458 [info] > git for-each-ref --format=%(refname)%00%(upstream:short)%00%(objectname)%00%(upstream:track)%00%(upstream:remotename)%00%(upstream:remoteref) refs/heads/master refs/remotes/master [4ms]
2023-12-04 05:31:30.546 [info] > git status -z -uall [85ms]
2023-12-04 05:31:35.561 [info] > git config --get commit.template [6ms]
2023-12-04 05:31:35.564 [info] > git for-each-ref --format=%(refname)%00%(upstream:short)%00%(objectname)%00%(upstream:track)%00%(upstream:remotename)%00%(upstream:remoteref) refs/heads/master refs/remotes/master [4ms]
2023-12-04 05:31:35.645 [info] > git status -z -uall [77ms]
2023-12-04 05:31:40.964 [info] > git config --get commit.template [6ms]
2023-12-04 05:31:40.968 [info] > git for-each-ref --format=%(refname)%00%(upstream:short)%00%(objectname)%00%(upstream:track)%00%(upstream:remotename)%00%(upstream:remoteref) refs/heads/master refs/remotes/master [4ms]
2023-12-04 05:31:41.056 [info] > git status -z -uall [84ms]
2023-12-04 05:31:46.071 [info] > git config --get commit.template [6ms]
2023-12-04 05:31:46.076 [info] > git for-each-ref --format=%(refname)%00%(upstream:short)%00%(objectname)%00%(upstream:track)%00%(upstream:remotename)%00%(upstream:remoteref) refs/heads/master refs/remotes/master [4ms]
2023-12-04 05:31:46.155 [info] > git status -z -uall [75ms]
2023-12-04 05:31:51.171 [info] > git config --get commit.template [6ms]
2023-12-04 05:31:51.174 [info] > git for-each-ref --format=%(refname)%00%(upstream:short)%00%(objectname)%00%(upstream:track)%00%(upstream:remotename)%00%(upstream:remoteref) refs/heads/master refs/remotes/master [4ms]
2023-12-04 05:31:51.277 [info] > git status -z -uall [97ms]
2023-12-04 05:35:20.834 [info] > git config --get commit.template [10ms]
2023-12-04 05:35:20.839 [info] > git for-each-ref --format=%(refname)%00%(upstream:short)%00%(objectname)%00%(upstream:track)%00%(upstream:remotename)%00%(upstream:remoteref) refs/heads/master refs/remotes/master [5ms]
2023-12-04 05:35:20.972 [info] > git status -z -uall [124ms]
2023-12-04 05:35:21.453 [info] > git fetch [638ms]
2023-12-04 05:35:21.465 [info] > git config --get commit.template [6ms]
2023-12-04 05:35:21.468 [info] > git for-each-ref --format=%(refname)%00%(upstream:short)%00%(objectname)%00%(upstream:track)%00%(upstream:remotename)%00%(upstream:remoteref) refs/heads/master refs/remotes/master [4ms]
2023-12-04 05:35:21.552 [info] > git status -z -uall [77ms]
2023-12-04 05:35:25.990 [info] > git config --get commit.template [6ms]
2023-12-04 05:35:25.993 [info] > git for-each-ref --format=%(refname)%00%(upstream:short)%00%(objectname)%00%(upstream:track)%00%(upstream:remotename)%00%(upstream:remoteref) refs/heads/master refs/remotes/master [4ms]
2023-12-04 05:35:26.073 [info] > git status -z -uall [75ms]
2023-12-04 05:35:31.089 [info] > git config --get commit.template [5ms]
2023-12-04 05:35:31.092 [info] > git for-each-ref --format=%(refname)%00%(upstream:short)%00%(objectname)%00%(upstream:track)%00%(upstream:remotename)%00%(upstream:remoteref) refs/heads/master refs/remotes/master [4ms]
2023-12-04 05:35:31.177 [info] > git status -z -uall [80ms]
2023-12-04 05:35:36.191 [info] > git config --get commit.template [6ms]
2023-12-04 05:35:36.194 [info] > git for-each-ref --format=%(refname)%00%(upstream:short)%00%(objectname)%00%(upstream:track)%00%(upstream:remotename)%00%(upstream:remoteref) refs/heads/master refs/remotes/master [4ms]
2023-12-04 05:35:36.273 [info] > git status -z -uall [74ms]
2023-12-04 05:35:41.289 [info] > git config --get commit.template [6ms]
2023-12-04 05:35:41.292 [info] > git for-each-ref --format=%(refname)%00%(upstream:short)%00%(objectname)%00%(upstream:track)%00%(upstream:remotename)%00%(upstream:remoteref) refs/heads/master refs/remotes/master [4ms]
2023-12-04 05:35:41.369 [info] > git status -z -uall [73ms]
2023-12-04 05:35:46.384 [info] > git config --get commit.template [6ms]
2023-12-04 05:35:46.387 [info] > git for-each-ref --format=%(refname)%00%(upstream:short)%00%(objectname)%00%(upstream:track)%00%(upstream:remotename)%00%(upstream:remoteref) refs/heads/master refs/remotes/master [4ms]
2023-12-04 05:35:46.467 [info] > git status -z -uall [76ms]
2023-12-04 05:35:51.482 [info] > git config --get commit.template [6ms]
2023-12-04 05:35:51.485 [info] > git for-each-ref --format=%(refname)%00%(upstream:short)%00%(objectname)%00%(upstream:track)%00%(upstream:remotename)%00%(upstream:remoteref) refs/heads/master refs/remotes/master [4ms]
2023-12-04 05:35:51.569 [info] > git status -z -uall [80ms]
2023-12-04 05:35:56.583 [info] > git config --get commit.template [6ms]
2023-12-04 05:35:56.586 [info] > git for-each-ref --format=%(refname)%00%(upstream:short)%00%(objectname)%00%(upstream:track)%00%(upstream:remotename)%00%(upstream:remoteref) refs/heads/master refs/remotes/master [3ms]
2023-12-04 05:35:56.663 [info] > git status -z -uall [74ms]
2023-12-04 05:36:01.680 [info] > git config --get commit.template [6ms]
2023-12-04 05:36:01.683 [info] > git for-each-ref --format=%(refname)%00%(upstream:short)%00%(objectname)%00%(upstream:track)%00%(upstream:remotename)%00%(upstream:remoteref) refs/heads/master refs/remotes/master [4ms]
2023-12-04 05:36:01.767 [info] > git status -z -uall [79ms]
2023-12-04 05:36:06.783 [info] > git config --get commit.template [6ms]
2023-12-04 05:36:06.786 [info] > git for-each-ref --format=%(refname)%00%(upstream:short)%00%(objectname)%00%(upstream:track)%00%(upstream:remotename)%00%(upstream:remoteref) refs/heads/master refs/remotes/master [4ms]
2023-12-04 05:36:06.865 [info] > git status -z -uall [75ms]
2023-12-04 05:36:11.882 [info] > git config --get commit.template [7ms]
2023-12-04 05:36:11.885 [info] > git for-each-ref --format=%(refname)%00%(upstream:short)%00%(objectname)%00%(upstream:track)%00%(upstream:remotename)%00%(upstream:remoteref) refs/heads/master refs/remotes/master [4ms]
2023-12-04 05:36:11.965 [info] > git status -z -uall [77ms]
2023-12-04 05:36:16.980 [info] > git config --get commit.template [6ms]
2023-12-04 05:36:16.983 [info] > git for-each-ref --format=%(refname)%00%(upstream:short)%00%(objectname)%00%(upstream:track)%00%(upstream:remotename)%00%(upstream:remoteref) refs/heads/master refs/remotes/master [4ms]
2023-12-04 05:36:17.061 [info] > git status -z -uall [74ms]
2023-12-04 05:36:22.076 [info] > git config --get commit.template [6ms]
2023-12-04 05:36:22.079 [info] > git for-each-ref --format=%(refname)%00%(upstream:short)%00%(objectname)%00%(upstream:track)%00%(upstream:remotename)%00%(upstream:remoteref) refs/heads/master refs/remotes/master [4ms]
2023-12-04 05:36:22.164 [info] > git status -z -uall [81ms]
2023-12-04 05:36:27.182 [info] > git config --get commit.template [6ms]
2023-12-04 05:36:27.185 [info] > git for-each-ref --format=%(refname)%00%(upstream:short)%00%(objectname)%00%(upstream:track)%00%(upstream:remotename)%00%(upstream:remoteref) refs/heads/master refs/remotes/master [3ms]
2023-12-04 05:36:27.267 [info] > git status -z -uall [77ms]
2023-12-04 05:36:32.285 [info] > git config --get commit.template [9ms]
2023-12-04 05:36:32.289 [info] > git for-each-ref --format=%(refname)%00%(upstream:short)%00%(objectname)%00%(upstream:track)%00%(upstream:remotename)%00%(upstream:remoteref) refs/heads/master refs/remotes/master [5ms]
2023-12-04 05:36:32.370 [info] > git status -z -uall [76ms]
2023-12-04 05:36:37.386 [info] > git config --get commit.template [6ms]
2023-12-04 05:36:37.389 [info] > git for-each-ref --format=%(refname)%00%(upstream:short)%00%(objectname)%00%(upstream:track)%00%(upstream:remotename)%00%(upstream:remoteref) refs/heads/master refs/remotes/master [4ms]
2023-12-04 05:36:37.472 [info] > git status -z -uall [79ms]
2023-12-04 05:36:42.494 [info] > git config --get commit.template [8ms]
2023-12-04 05:36:42.497 [info] > git for-each-ref --format=%(refname)%00%(upstream:short)%00%(objectname)%00%(upstream:track)%00%(upstream:remotename)%00%(upstream:remoteref) refs/heads/master refs/remotes/master [4ms]
2023-12-04 05:36:42.582 [info] > git status -z -uall [79ms]
2023-12-04 05:36:47.596 [info] > git config --get commit.template [6ms]
2023-12-04 05:36:47.599 [info] > git for-each-ref --format=%(refname)%00%(upstream:short)%00%(objectname)%00%(upstream:track)%00%(upstream:remotename)%00%(upstream:remoteref) refs/heads/master refs/remotes/master [3ms]
2023-12-04 05:36:47.677 [info] > git status -z -uall [74ms]
2023-12-04 05:36:52.692 [info] > git config --get commit.template [6ms]
2023-12-04 05:36:52.696 [info] > git for-each-ref --format=%(refname)%00%(upstream:short)%00%(objectname)%00%(upstream:track)%00%(upstream:remotename)%00%(upstream:remoteref) refs/heads/master refs/remotes/master [4ms]
2023-12-04 05:36:52.782 [info] > git status -z -uall [78ms]
2023-12-04 05:36:57.797 [info] > git config --get commit.template [6ms]
2023-12-04 05:36:57.803 [info] > git for-each-ref --format=%(refname)%00%(upstream:short)%00%(objectname)%00%(upstream:track)%00%(upstream:remotename)%00%(upstream:remoteref) refs/heads/master refs/remotes/master [6ms]
2023-12-04 05:36:57.888 [info] > git status -z -uall [80ms]
2023-12-04 05:37:02.904 [info] > git config --get commit.template [7ms]
2023-12-04 05:37:02.907 [info] > git for-each-ref --format=%(refname)%00%(upstream:short)%00%(objectname)%00%(upstream:track)%00%(upstream:remotename)%00%(upstream:remoteref) refs/heads/master refs/remotes/master [4ms]
2023-12-04 05:37:03.011 [info] > git status -z -uall [87ms]
2023-12-04 05:37:08.026 [info] > git config --get commit.template [6ms]
2023-12-04 05:37:08.029 [info] > git for-each-ref --format=%(refname)%00%(upstream:short)%00%(objectname)%00%(upstream:track)%00%(upstream:remotename)%00%(upstream:remoteref) refs/heads/master refs/remotes/master [4ms]
2023-12-04 05:37:08.106 [info] > git status -z -uall [73ms]
2023-12-04 05:37:13.120 [info] > git config --get commit.template [6ms]
2023-12-04 05:37:13.124 [info] > git for-each-ref --format=%(refname)%00%(upstream:short)%00%(objectname)%00%(upstream:track)%00%(upstream:remotename)%00%(upstream:remoteref) refs/heads/master refs/remotes/master [3ms]
2023-12-04 05:37:13.205 [info] > git status -z -uall [78ms]
2023-12-04 05:37:18.221 [info] > git config --get commit.template [7ms]
2023-12-04 05:37:18.224 [info] > git for-each-ref --format=%(refname)%00%(upstream:short)%00%(objectname)%00%(upstream:track)%00%(upstream:remotename)%00%(upstream:remoteref) refs/heads/master refs/remotes/master [5ms]
2023-12-04 05:37:18.305 [info] > git status -z -uall [76ms]
2023-12-04 05:37:23.320 [info] > git config --get commit.template [6ms]
2023-12-04 05:37:23.323 [info] > git for-each-ref --format=%(refname)%00%(upstream:short)%00%(objectname)%00%(upstream:track)%00%(upstream:remotename)%00%(upstream:remoteref) refs/heads/master refs/remotes/master [4ms]
2023-12-04 05:37:23.404 [info] > git status -z -uall [77ms]
2023-12-04 05:37:28.423 [info] > git config --get commit.template [7ms]
2023-12-04 05:37:28.426 [info] > git for-each-ref --format=%(refname)%00%(upstream:short)%00%(objectname)%00%(upstream:track)%00%(upstream:remotename)%00%(upstream:remoteref) refs/heads/master refs/remotes/master [4ms]
2023-12-04 05:37:28.532 [info] > git status -z -uall [102ms]
2023-12-04 05:37:35.575 [info] > git config --get commit.template [7ms]
2023-12-04 05:37:35.578 [info] > git for-each-ref --format=%(refname)%00%(upstream:short)%00%(objectname)%00%(upstream:track)%00%(upstream:remotename)%00%(upstream:remoteref) refs/heads/master refs/remotes/master [4ms]
2023-12-04 05:37:35.657 [info] > git status -z -uall [75ms]
2023-12-04 05:37:40.674 [info] > git config --get commit.template [6ms]
2023-12-04 05:37:40.677 [info] > git for-each-ref --format=%(refname)%00%(upstream:short)%00%(objectname)%00%(upstream:track)%00%(upstream:remotename)%00%(upstream:remoteref) refs/heads/master refs/remotes/master [4ms]
2023-12-04 05:37:40.756 [info] > git status -z -uall [75ms]
2023-12-04 05:37:45.772 [info] > git config --get commit.template [6ms]
2023-12-04 05:37:45.776 [info] > git for-each-ref --format=%(refname)%00%(upstream:short)%00%(objectname)%00%(upstream:track)%00%(upstream:remotename)%00%(upstream:remoteref) refs/heads/master refs/remotes/master [3ms]
2023-12-04 05:37:45.853 [info] > git status -z -uall [74ms]
2023-12-04 05:37:50.868 [info] > git config --get commit.template [6ms]
2023-12-04 05:37:50.871 [info] > git for-each-ref --format=%(refname)%00%(upstream:short)%00%(objectname)%00%(upstream:track)%00%(upstream:remotename)%00%(upstream:remoteref) refs/heads/master refs/remotes/master [4ms]
2023-12-04 05:37:50.950 [info] > git status -z -uall [75ms]
2023-12-04 05:37:55.964 [info] > git config --get commit.template [6ms]
2023-12-04 05:37:55.968 [info] > git for-each-ref --format=%(refname)%00%(upstream:short)%00%(objectname)%00%(upstream:track)%00%(upstream:remotename)%00%(upstream:remoteref) refs/heads/master refs/remotes/master [4ms]
2023-12-04 05:37:56.048 [info] > git status -z -uall [77ms]
2023-12-04 05:38:01.065 [info] > git config --get commit.template [7ms]
2023-12-04 05:38:01.068 [info] > git for-each-ref --format=%(refname)%00%(upstream:short)%00%(objectname)%00%(upstream:track)%00%(upstream:remotename)%00%(upstream:remoteref) refs/heads/master refs/remotes/master [4ms]
2023-12-04 05:38:01.151 [info] > git status -z -uall [78ms]
2023-12-04 05:38:06.168 [info] > git config --get commit.template [6ms]
2023-12-04 05:38:06.171 [info] > git for-each-ref --format=%(refname)%00%(upstream:short)%00%(objectname)%00%(upstream:track)%00%(upstream:remotename)%00%(upstream:remoteref) refs/heads/master refs/remotes/master [4ms]
2023-12-04 05:38:06.252 [info] > git status -z -uall [75ms]
2023-12-04 05:38:11.266 [info] > git config --get commit.template [6ms]
2023-12-04 05:38:11.269 [info] > git for-each-ref --format=%(refname)%00%(upstream:short)%00%(objectname)%00%(upstream:track)%00%(upstream:remotename)%00%(upstream:remoteref) refs/heads/master refs/remotes/master [4ms]
2023-12-04 05:38:11.353 [info] > git status -z -uall [79ms]
2023-12-04 05:38:16.367 [info] > git config --get commit.template [5ms]
2023-12-04 05:38:16.369 [info] > git for-each-ref --format=%(refname)%00%(upstream:short)%00%(objectname)%00%(upstream:track)%00%(upstream:remotename)%00%(upstream:remoteref) refs/heads/master refs/remotes/master [3ms]
2023-12-04 05:38:16.448 [info] > git status -z -uall [75ms]
2023-12-04 05:38:21.463 [info] > git config --get commit.template [6ms]
2023-12-04 05:38:21.466 [info] > git for-each-ref --format=%(refname)%00%(upstream:short)%00%(objectname)%00%(upstream:track)%00%(upstream:remotename)%00%(upstream:remoteref) refs/heads/master refs/remotes/master [3ms]
2023-12-04 05:38:21.543 [info] > git status -z -uall [74ms]
2023-12-04 05:38:22.099 [info] > git fetch [540ms]
2023-12-04 05:38:22.110 [info] > git config --get commit.template [5ms]
2023-12-04 05:38:22.113 [info] > git for-each-ref --format=%(refname)%00%(upstream:short)%00%(objectname)%00%(upstream:track)%00%(upstream:remotename)%00%(upstream:remoteref) refs/heads/master refs/remotes/master [4ms]
2023-12-04 05:38:22.196 [info] > git status -z -uall [79ms]
2023-12-04 05:38:26.563 [info] > git config --get commit.template [6ms]
2023-12-04 05:38:26.566 [info] > git for-each-ref --format=%(refname)%00%(upstream:short)%00%(objectname)%00%(upstream:track)%00%(upstream:remotename)%00%(upstream:remoteref) refs/heads/master refs/remotes/master [4ms]
2023-12-04 05:38:26.646 [info] > git status -z -uall [74ms]
2023-12-04 05:38:31.661 [info] > git config --get commit.template [6ms]
2023-12-04 05:38:31.664 [info] > git for-each-ref --format=%(refname)%00%(upstream:short)%00%(objectname)%00%(upstream:track)%00%(upstream:remotename)%00%(upstream:remoteref) refs/heads/master refs/remotes/master [4ms]
2023-12-04 05:38:31.744 [info] > git status -z -uall [76ms]
2023-12-04 05:38:36.760 [info] > git config --get commit.template [6ms]
2023-12-04 05:38:36.764 [info] > git for-each-ref --format=%(refname)%00%(upstream:short)%00%(objectname)%00%(upstream:track)%00%(upstream:remotename)%00%(upstream:remoteref) refs/heads/master refs/remotes/master [5ms]
2023-12-04 05:38:36.847 [info] > git status -z -uall [79ms]
2023-12-04 05:38:41.862 [info] > git config --get commit.template [6ms]
2023-12-04 05:38:41.866 [info] > git for-each-ref --format=%(refname)%00%(upstream:short)%00%(objectname)%00%(upstream:track)%00%(upstream:remotename)%00%(upstream:remoteref) refs/heads/master refs/remotes/master [3ms]
2023-12-04 05:38:41.943 [info] > git status -z -uall [74ms]
2023-12-04 05:38:46.959 [info] > git config --get commit.template [7ms]
2023-12-04 05:38:46.963 [info] > git for-each-ref --format=%(refname)%00%(upstream:short)%00%(objectname)%00%(upstream:track)%00%(upstream:remotename)%00%(upstream:remoteref) refs/heads/master refs/remotes/master [6ms]
2023-12-04 05:38:47.041 [info] > git status -z -uall [75ms]
2023-12-04 05:38:52.055 [info] > git config --get commit.template [6ms]
2023-12-04 05:38:52.058 [info] > git for-each-ref --format=%(refname)%00%(upstream:short)%00%(objectname)%00%(upstream:track)%00%(upstream:remotename)%00%(upstream:remoteref) refs/heads/master refs/remotes/master [4ms]
2023-12-04 05:38:52.146 [info] > git status -z -uall [83ms]
2023-12-04 05:38:57.160 [info] > git config --get commit.template [5ms]
2023-12-04 05:38:57.163 [info] > git for-each-ref --format=%(refname)%00%(upstream:short)%00%(objectname)%00%(upstream:track)%00%(upstream:remotename)%00%(upstream:remoteref) refs/heads/master refs/remotes/master [4ms]
2023-12-04 05:38:57.244 [info] > git status -z -uall [77ms]
2023-12-04 05:39:02.259 [info] > git config --get commit.template [6ms]
2023-12-04 05:39:02.263 [info] > git for-each-ref --format=%(refname)%00%(upstream:short)%00%(objectname)%00%(upstream:track)%00%(upstream:remotename)%00%(upstream:remoteref) refs/heads/master refs/remotes/master [4ms]
2023-12-04 05:39:02.341 [info] > git status -z -uall [74ms]
2023-12-04 05:39:07.361 [info] > git config --get commit.template [7ms]
2023-12-04 05:39:07.364 [info] > git for-each-ref --format=%(refname)%00%(upstream:short)%00%(objectname)%00%(upstream:track)%00%(upstream:remotename)%00%(upstream:remoteref) refs/heads/master refs/remotes/master [4ms]
2023-12-04 05:39:07.443 [info] > git status -z -uall [76ms]
2023-12-04 05:39:12.457 [info] > git config --get commit.template [5ms]
2023-12-04 05:39:12.460 [info] > git for-each-ref --format=%(refname)%00%(upstream:short)%00%(objectname)%00%(upstream:track)%00%(upstream:remotename)%00%(upstream:remoteref) refs/heads/master refs/remotes/master [3ms]
2023-12-04 05:39:12.542 [info] > git status -z -uall [77ms]
2023-12-04 05:39:17.557 [info] > git config --get commit.template [5ms]
2023-12-04 05:39:17.560 [info] > git for-each-ref --format=%(refname)%00%(upstream:short)%00%(objectname)%00%(upstream:track)%00%(upstream:remotename)%00%(upstream:remoteref) refs/heads/master refs/remotes/master [3ms]
2023-12-04 05:39:17.636 [info] > git status -z -uall [73ms]
2023-12-04 05:39:19.840 [info] > git check-ignore -v -z --stdin [9ms]
2023-12-04 05:39:22.650 [info] > git config --get commit.template [6ms]
2023-12-04 05:39:22.654 [info] > git for-each-ref --format=%(refname)%00%(upstream:short)%00%(objectname)%00%(upstream:track)%00%(upstream:remotename)%00%(upstream:remoteref) refs/heads/master refs/remotes/master [3ms]
2023-12-04 05:39:22.734 [info] > git status -z -uall [77ms]
2023-12-04 05:39:27.750 [info] > git config --get commit.template [6ms]
2023-12-04 05:39:27.753 [info] > git for-each-ref --format=%(refname)%00%(upstream:short)%00%(objectname)%00%(upstream:track)%00%(upstream:remotename)%00%(upstream:remoteref) refs/heads/master refs/remotes/master [4ms]
2023-12-04 05:39:27.832 [info] > git status -z -uall [75ms]
2023-12-04 05:39:32.846 [info] > git config --get commit.template [5ms]
2023-12-04 05:39:32.849 [info] > git for-each-ref --format=%(refname)%00%(upstream:short)%00%(objectname)%00%(upstream:track)%00%(upstream:remotename)%00%(upstream:remoteref) refs/heads/master refs/remotes/master [4ms]
2023-12-04 05:39:32.932 [info] > git status -z -uall [78ms]
2023-12-04 05:39:37.947 [info] > git config --get commit.template [5ms]
2023-12-04 05:39:37.950 [info] > git for-each-ref --format=%(refname)%00%(upstream:short)%00%(objectname)%00%(upstream:track)%00%(upstream:remotename)%00%(upstream:remoteref) refs/heads/master refs/remotes/master [4ms]
2023-12-04 05:39:38.027 [info] > git status -z -uall [74ms]
2023-12-04 05:39:43.043 [info] > git config --get commit.template [6ms]
2023-12-04 05:39:43.046 [info] > git for-each-ref --format=%(refname)%00%(upstream:short)%00%(objectname)%00%(upstream:track)%00%(upstream:remotename)%00%(upstream:remoteref) refs/heads/master refs/remotes/master [4ms]
2023-12-04 05:39:43.128 [info] > git status -z -uall [78ms]
2023-12-04 05:39:48.143 [info] > git config --get commit.template [6ms]
2023-12-04 05:39:48.147 [info] > git for-each-ref --format=%(refname)%00%(upstream:short)%00%(objectname)%00%(upstream:track)%00%(upstream:remotename)%00%(upstream:remoteref) refs/heads/master refs/remotes/master [4ms]
2023-12-04 05:39:48.226 [info] > git status -z -uall [76ms]
2023-12-04 05:39:53.242 [info] > git config --get commit.template [7ms]
2023-12-04 05:39:53.245 [info] > git for-each-ref --format=%(refname)%00%(upstream:short)%00%(objectname)%00%(upstream:track)%00%(upstream:remotename)%00%(upstream:remoteref) refs/heads/master refs/remotes/master [4ms]
2023-12-04 05:39:53.322 [info] > git status -z -uall [73ms]
2023-12-04 05:39:58.337 [info] > git config --get commit.template [6ms]
2023-12-04 05:39:58.340 [info] > git for-each-ref --format=%(refname)%00%(upstream:short)%00%(objectname)%00%(upstream:track)%00%(upstream:remotename)%00%(upstream:remoteref) refs/heads/master refs/remotes/master [4ms]
2023-12-04 05:39:58.425 [info] > git status -z -uall [82ms]
2023-12-04 05:40:03.439 [info] > git config --get commit.template [6ms]
2023-12-04 05:40:03.441 [info] > git for-each-ref --format=%(refname)%00%(upstream:short)%00%(objectname)%00%(upstream:track)%00%(upstream:remotename)%00%(upstream:remoteref) refs/heads/master refs/remotes/master [3ms]
2023-12-04 05:40:03.519 [info] > git status -z -uall [74ms]
2023-12-04 05:40:09.675 [info] > git config --get commit.template [15ms]
2023-12-04 05:40:09.707 [info] > git for-each-ref --format=%(refname)%00%(upstream:short)%00%(objectname)%00%(upstream:track)%00%(upstream:remotename)%00%(upstream:remoteref) refs/heads/master refs/remotes/master [25ms]
