2023-12-01 06:31:04.123 [info] Log level: Info
2023-12-01 06:31:04.123 [info] Validating found git in: "git"
2023-12-01 06:31:04.123 [info] Using git "2.39.3" from "git"
2023-12-01 06:31:04.123 [info] > git rev-parse --show-toplevel [8ms]
2023-12-01 06:31:04.123 [info] fatal: not a git repository (or any of the parent directories): .git
2023-12-01 06:31:04.123 [info] > git rev-parse --show-toplevel [10ms]
2023-12-01 06:31:04.123 [info] fatal: not a git repository (or any of the parent directories): .git
2023-12-01 06:31:04.128 [info] > git rev-parse --show-toplevel [5ms]
2023-12-01 06:31:04.129 [info] fatal: not a git repository (or any of the parent directories): .git
2023-12-01 06:31:04.134 [info] > git rev-parse --show-toplevel [2ms]
2023-12-01 06:31:04.134 [info] fatal: not a git repository (or any of the parent directories): .git
2023-12-01 06:31:04.145 [info] > git rev-parse --show-toplevel [4ms]
2023-12-01 06:31:04.145 [info] fatal: not a git repository (or any of the parent directories): .git
2023-12-01 06:31:04.150 [info] > git rev-parse --show-toplevel [2ms]
2023-12-01 06:31:04.150 [info] fatal: not a git repository (or any of the parent directories): .git
2023-12-01 06:31:04.155 [info] > git rev-parse --show-toplevel [2ms]
2023-12-01 06:31:04.155 [info] fatal: not a git repository (or any of the parent directories): .git
2023-12-01 06:31:04.161 [info] > git rev-parse --show-toplevel [2ms]
2023-12-01 06:31:04.161 [info] fatal: not a git repository (or any of the parent directories): .git
2023-12-01 06:31:04.201 [info] > git rev-parse --show-toplevel [37ms]
2023-12-01 06:31:04.201 [info] fatal: not a git repository (or any of the parent directories): .git
2023-12-01 06:31:04.215 [info] > git rev-parse --show-toplevel [10ms]
2023-12-01 06:31:04.215 [info] fatal: not a git repository (or any of the parent directories): .git
2023-12-01 06:31:04.221 [info] > git rev-parse --show-toplevel [2ms]
2023-12-01 06:31:04.221 [info] fatal: not a git repository (or any of the parent directories): .git
2023-12-01 06:31:04.227 [info] > git rev-parse --show-toplevel [2ms]
2023-12-01 06:31:04.227 [info] fatal: not a git repository (or any of the parent directories): .git
2023-12-01 06:31:04.232 [info] > git rev-parse --show-toplevel [1ms]
2023-12-01 06:31:04.232 [info] fatal: not a git repository (or any of the parent directories): .git
