2023-12-01 11:09:47.873 [info] Log level: Info
2023-12-01 11:09:47.874 [info] Validating found git in: "git"
2023-12-01 11:09:47.874 [info] Using git "2.39.3" from "git"
2023-12-01 11:09:47.874 [info] > git rev-parse --show-toplevel [6ms]
2023-12-01 11:09:47.874 [info] fatal: not a git repository (or any of the parent directories): .git
2023-12-01 11:09:47.874 [info] > git rev-parse --show-toplevel [37ms]
2023-12-01 11:09:47.874 [info] fatal: not a git repository (or any of the parent directories): .git
2023-12-01 11:09:47.874 [info] > git rev-parse --show-toplevel [17ms]
2023-12-01 11:09:47.874 [info] fatal: not a git repository (or any of the parent directories): .git
2023-12-01 11:09:47.885 [info] > git rev-parse --show-toplevel [7ms]
2023-12-01 11:09:47.886 [info] fatal: not a git repository (or any of the parent directories): .git
2023-12-01 11:09:47.893 [info] > git rev-parse --show-toplevel [4ms]
2023-12-01 11:09:47.893 [info] fatal: not a git repository (or any of the parent directories): .git
2023-12-01 11:09:47.898 [info] > git rev-parse --show-toplevel [2ms]
2023-12-01 11:09:47.898 [info] fatal: not a git repository (or any of the parent directories): .git
2023-12-01 11:09:47.904 [info] > git rev-parse --show-toplevel [2ms]
2023-12-01 11:09:47.904 [info] fatal: not a git repository (or any of the parent directories): .git
2023-12-01 11:09:47.909 [info] > git rev-parse --show-toplevel [2ms]
2023-12-01 11:09:47.909 [info] fatal: not a git repository (or any of the parent directories): .git
2023-12-01 11:09:47.914 [info] > git rev-parse --show-toplevel [2ms]
2023-12-01 11:09:47.914 [info] fatal: not a git repository (or any of the parent directories): .git
2023-12-01 11:09:47.920 [info] > git rev-parse --show-toplevel [2ms]
2023-12-01 11:09:47.920 [info] fatal: not a git repository (or any of the parent directories): .git
2023-12-01 11:09:47.926 [info] > git rev-parse --show-toplevel [3ms]
2023-12-01 11:09:47.926 [info] fatal: not a git repository (or any of the parent directories): .git
2023-12-01 11:09:47.932 [info] > git rev-parse --show-toplevel [3ms]
2023-12-01 11:09:47.932 [info] fatal: not a git repository (or any of the parent directories): .git
