2023-11-29 10:48:52.942 [info] Log level: Info
2023-11-29 10:48:52.942 [info] Validating found git in: "git"
2023-11-29 10:48:52.942 [info] Using git "2.39.3" from "git"
2023-11-29 10:48:52.943 [info] > git rev-parse --show-toplevel [7ms]
2023-11-29 10:48:52.943 [info] fatal: not a git repository (or any of the parent directories): .git
2023-11-29 10:48:52.946 [info] > git rev-parse --show-toplevel [14ms]
2023-11-29 10:48:52.947 [info] fatal: not a git repository (or any of the parent directories): .git
2023-11-29 10:48:52.961 [info] > git rev-parse --show-toplevel [3ms]
2023-11-29 10:48:52.961 [info] fatal: not a git repository (or any of the parent directories): .git
2023-11-29 10:48:52.970 [info] > git rev-parse --show-toplevel [2ms]
2023-11-29 10:48:52.970 [info] fatal: not a git repository (or any of the parent directories): .git
2023-11-29 10:48:52.980 [info] > git rev-parse --show-toplevel [3ms]
2023-11-29 10:48:52.980 [info] fatal: not a git repository (or any of the parent directories): .git
2023-11-29 10:48:52.998 [info] > git rev-parse --show-toplevel [11ms]
2023-11-29 10:48:52.998 [info] fatal: not a git repository (or any of the parent directories): .git
2023-11-29 10:48:53.009 [info] > git rev-parse --show-toplevel [3ms]
2023-11-29 10:48:53.009 [info] fatal: not a git repository (or any of the parent directories): .git
2023-11-29 10:48:53.022 [info] > git rev-parse --show-toplevel [4ms]
2023-11-29 10:48:53.022 [info] fatal: not a git repository (or any of the parent directories): .git
2023-11-29 10:48:53.037 [info] > git rev-parse --show-toplevel [10ms]
2023-11-29 10:48:53.037 [info] fatal: not a git repository (or any of the parent directories): .git
2023-11-29 10:48:53.046 [info] > git rev-parse --show-toplevel [2ms]
2023-11-29 10:48:53.046 [info] fatal: not a git repository (or any of the parent directories): .git
2023-11-29 10:48:53.198 [info] > git rev-parse --show-toplevel [143ms]
2023-11-29 10:48:53.198 [info] fatal: not a git repository (or any of the parent directories): .git
2023-11-29 10:48:53.210 [info] > git rev-parse --show-toplevel [7ms]
2023-11-29 10:48:53.210 [info] fatal: not a git repository (or any of the parent directories): .git
2023-11-29 10:48:53.218 [info] > git rev-parse --show-toplevel [5ms]
2023-11-29 10:48:53.218 [info] fatal: not a git repository (or any of the parent directories): .git
