2023-11-27 10:57:49.424 [info] Log level: Info
2023-11-27 10:57:49.424 [info] Validating found git in: "git"
2023-11-27 10:57:49.424 [info] Using git "2.39.3" from "git"
2023-11-27 10:57:49.424 [info] > git rev-parse --show-toplevel [4ms]
2023-11-27 10:57:49.424 [info] fatal: not a git repository (or any of the parent directories): .git
2023-11-27 10:57:49.424 [info] > git rev-parse --show-toplevel [30ms]
2023-11-27 10:57:49.424 [info] fatal: not a git repository (or any of the parent directories): .git
2023-11-27 10:57:49.424 [info] > git rev-parse --show-toplevel [16ms]
2023-11-27 10:57:49.425 [info] fatal: not a git repository (or any of the parent directories): .git
2023-11-27 10:57:49.425 [info] > git rev-parse --show-toplevel [11ms]
2023-11-27 10:57:49.425 [info] fatal: not a git repository (or any of the parent directories): .git
2023-11-27 10:57:49.428 [info] > git rev-parse --show-toplevel [5ms]
2023-11-27 10:57:49.428 [info] fatal: not a git repository (or any of the parent directories): .git
2023-11-27 10:57:49.433 [info] > git rev-parse --show-toplevel [2ms]
2023-11-27 10:57:49.433 [info] fatal: not a git repository (or any of the parent directories): .git
2023-11-27 10:57:49.438 [info] > git rev-parse --show-toplevel [2ms]
2023-11-27 10:57:49.438 [info] fatal: not a git repository (or any of the parent directories): .git
2023-11-27 10:57:49.444 [info] > git rev-parse --show-toplevel [2ms]
2023-11-27 10:57:49.444 [info] fatal: not a git repository (or any of the parent directories): .git
2023-11-27 10:57:49.450 [info] > git rev-parse --show-toplevel [2ms]
2023-11-27 10:57:49.450 [info] fatal: not a git repository (or any of the parent directories): .git
2023-11-27 10:57:49.455 [info] > git rev-parse --show-toplevel [2ms]
2023-11-27 10:57:49.455 [info] fatal: not a git repository (or any of the parent directories): .git
2023-11-27 10:57:49.462 [info] > git rev-parse --show-toplevel [3ms]
2023-11-27 10:57:49.462 [info] fatal: not a git repository (or any of the parent directories): .git
2023-11-27 10:57:49.468 [info] > git rev-parse --show-toplevel [2ms]
2023-11-27 10:57:49.468 [info] fatal: not a git repository (or any of the parent directories): .git
2023-11-27 11:08:11.864 [info] > git rev-parse --show-toplevel [2ms]
2023-11-27 11:08:11.864 [info] fatal: not a git repository (or any of the parent directories): .git
2023-11-27 11:10:58.862 [info] > git rev-parse --show-toplevel [3ms]
2023-11-27 11:10:58.862 [info] fatal: not a git repository (or any of the parent directories): .git
2023-11-27 11:11:01.680 [info] > git rev-parse --show-toplevel [3ms]
2023-11-27 11:11:01.681 [info] fatal: not a git repository (or any of the parent directories): .git
2023-11-27 11:11:15.165 [info] > git rev-parse --show-toplevel [2ms]
2023-11-27 11:11:15.165 [info] fatal: not a git repository (or any of the parent directories): .git
2023-11-27 11:11:26.002 [info] > git rev-parse --show-toplevel [4ms]
2023-11-27 11:11:26.002 [info] fatal: not a git repository (or any of the parent directories): .git
2023-11-27 11:11:27.682 [info] > git rev-parse --show-toplevel [4ms]
2023-11-27 11:11:27.682 [info] fatal: not a git repository (or any of the parent directories): .git
2023-11-27 11:11:38.397 [info] > git rev-parse --show-toplevel [5ms]
2023-11-27 11:11:38.397 [info] fatal: not a git repository (or any of the parent directories): .git
2023-11-27 11:11:40.069 [info] > git rev-parse --show-toplevel [2ms]
2023-11-27 11:11:40.069 [info] fatal: not a git repository (or any of the parent directories): .git
