2023-12-05 12:26:59.760 [info] Log level: Info
2023-12-05 12:26:59.761 [info] Validating found git in: "git"
2023-12-05 12:26:59.761 [info] Using git "2.39.3" from "git"
2023-12-05 12:26:59.761 [info] > git rev-parse --show-toplevel [7ms]
2023-12-05 12:26:59.761 [info] > git rev-parse --git-dir --git-common-dir [3ms]
2023-12-05 12:26:59.762 [info] Open repository: /home/ec2-user
2023-12-05 12:26:59.762 [info] > git config --get commit.template [6ms]
2023-12-05 12:26:59.762 [info] > git rev-parse --show-toplevel [9ms]
2023-12-05 12:26:59.763 [info] > git for-each-ref --format=%(refname)%00%(upstream:short)%00%(objectname)%00%(upstream:track)%00%(upstream:remotename)%00%(upstream:remoteref) refs/heads/master refs/remotes/master [8ms]
2023-12-05 12:26:59.763 [info] > git rev-parse --show-toplevel [17ms]
2023-12-05 12:26:59.763 [info] > git rev-parse --show-toplevel [39ms]
2023-12-05 12:26:59.763 [info] > git rev-parse --show-toplevel [7ms]
2023-12-05 12:26:59.764 [info] > git rev-parse --show-toplevel [4ms]
2023-12-05 12:26:59.764 [info] > git rev-parse --show-toplevel [6ms]
2023-12-05 12:26:59.764 [info] > git rev-parse --show-toplevel [4ms]
2023-12-05 12:26:59.765 [info] > git rev-parse --show-toplevel [3ms]
2023-12-05 12:26:59.765 [info] > git status -z -uall [133ms]
2023-12-05 12:26:59.765 [info] > git rev-parse --show-toplevel [31ms]
2023-12-05 12:26:59.765 [info] > git config --get commit.template [7ms]
2023-12-05 12:26:59.766 [info] > git rev-parse --show-toplevel [8ms]
2023-12-05 12:26:59.766 [info] > git for-each-ref --format=%(refname)%00%(upstream:short)%00%(objectname)%00%(upstream:track)%00%(upstream:remotename)%00%(upstream:remoteref) refs/heads/master refs/remotes/master [8ms]
2023-12-05 12:26:59.766 [info] > git rev-parse --show-toplevel [6ms]
2023-12-05 12:26:59.767 [info] > git rev-parse --show-toplevel [21ms]
2023-12-05 12:26:59.767 [info] > git status -z -uall [135ms]
2023-12-05 12:27:00.318 [info] > git fetch [569ms]
2023-12-05 12:27:00.329 [info] > git config --get commit.template [6ms]
2023-12-05 12:27:00.333 [info] > git for-each-ref --format=%(refname)%00%(upstream:short)%00%(objectname)%00%(upstream:track)%00%(upstream:remotename)%00%(upstream:remoteref) refs/heads/master refs/remotes/master [4ms]
2023-12-05 12:27:00.419 [info] > git status -z -uall [83ms]
2023-12-05 12:27:00.441 [info] > git check-ignore -v -z --stdin [21ms]
2023-12-05 12:27:00.804 [info] > git show --textconv :date_log.txt [9ms]
2023-12-05 12:27:01.028 [info] > git ls-files --stage -- /home/ec2-user/date_log.txt [224ms]
2023-12-05 12:27:01.109 [info] > git cat-file -s e69de29bb2d1d6434b8b29ae775ad8c2e48c5391 [43ms]
2023-12-05 12:27:02.286 [info] > git ls-files --stage -- /home/ec2-user/date_log.txt [5ms]
2023-12-05 12:27:02.293 [info] > git cat-file -s e69de29bb2d1d6434b8b29ae775ad8c2e48c5391 [2ms]
2023-12-05 12:27:02.368 [info] > git show --textconv :date_log.txt [6ms]
2023-12-05 12:27:24.775 [info] > git config --get commit.template [7ms]
2023-12-05 12:27:24.780 [info] > git for-each-ref --format=%(refname)%00%(upstream:short)%00%(objectname)%00%(upstream:track)%00%(upstream:remotename)%00%(upstream:remoteref) refs/heads/master refs/remotes/master [7ms]
2023-12-05 12:27:24.864 [info] > git status -z -uall [78ms]
2023-12-05 12:27:25.955 [info] > git ls-files --stage -- /home/ec2-user/date_log.txt [6ms]
2023-12-05 12:27:25.961 [info] > git cat-file -s e69de29bb2d1d6434b8b29ae775ad8c2e48c5391 [3ms]
2023-12-05 12:27:26.031 [info] > git show --textconv :date_log.txt [5ms]
2023-12-05 12:31:24.692 [info] > git fetch [556ms]
2023-12-05 12:31:24.702 [info] > git config --get commit.template [5ms]
2023-12-05 12:31:24.705 [info] > git for-each-ref --format=%(refname)%00%(upstream:short)%00%(objectname)%00%(upstream:track)%00%(upstream:remotename)%00%(upstream:remoteref) refs/heads/master refs/remotes/master [4ms]
2023-12-05 12:31:24.786 [info] > git status -z -uall [75ms]
2023-12-05 12:31:24.821 [info] > git config --get commit.template [5ms]
2023-12-05 12:31:24.824 [info] > git for-each-ref --format=%(refname)%00%(upstream:short)%00%(objectname)%00%(upstream:track)%00%(upstream:remotename)%00%(upstream:remoteref) refs/heads/master refs/remotes/master [4ms]
2023-12-05 12:31:24.940 [info] > git status -z -uall [113ms]
2023-12-05 12:31:26.124 [info] > git ls-files --stage -- /home/ec2-user/date_log.txt [5ms]
2023-12-05 12:31:26.130 [info] > git cat-file -s e69de29bb2d1d6434b8b29ae775ad8c2e48c5391 [2ms]
2023-12-05 12:31:26.198 [info] > git show --textconv :date_log.txt [5ms]
2023-12-05 12:32:12.786 [info] > git config --get commit.template [6ms]
2023-12-05 12:32:12.790 [info] > git for-each-ref --format=%(refname)%00%(upstream:short)%00%(objectname)%00%(upstream:track)%00%(upstream:remotename)%00%(upstream:remoteref) refs/heads/master refs/remotes/master [5ms]
2023-12-05 12:32:12.872 [info] > git status -z -uall [78ms]
2023-12-05 12:32:17.891 [info] > git config --get commit.template [5ms]
2023-12-05 12:32:17.894 [info] > git for-each-ref --format=%(refname)%00%(upstream:short)%00%(objectname)%00%(upstream:track)%00%(upstream:remotename)%00%(upstream:remoteref) refs/heads/master refs/remotes/master [4ms]
2023-12-05 12:32:17.979 [info] > git status -z -uall [79ms]
2023-12-05 12:32:22.998 [info] > git config --get commit.template [6ms]
2023-12-05 12:32:23.001 [info] > git for-each-ref --format=%(refname)%00%(upstream:short)%00%(objectname)%00%(upstream:track)%00%(upstream:remotename)%00%(upstream:remoteref) refs/heads/master refs/remotes/master [4ms]
2023-12-05 12:32:23.082 [info] > git status -z -uall [76ms]
2023-12-05 12:32:28.108 [info] > git config --get commit.template [9ms]
2023-12-05 12:32:28.111 [info] > git for-each-ref --format=%(refname)%00%(upstream:short)%00%(objectname)%00%(upstream:track)%00%(upstream:remotename)%00%(upstream:remoteref) refs/heads/master refs/remotes/master [6ms]
2023-12-05 12:32:28.191 [info] > git status -z -uall [75ms]
2023-12-05 12:32:33.210 [info] > git config --get commit.template [6ms]
2023-12-05 12:32:33.213 [info] > git for-each-ref --format=%(refname)%00%(upstream:short)%00%(objectname)%00%(upstream:track)%00%(upstream:remotename)%00%(upstream:remoteref) refs/heads/master refs/remotes/master [4ms]
2023-12-05 12:32:33.295 [info] > git status -z -uall [77ms]
2023-12-05 12:32:38.313 [info] > git config --get commit.template [5ms]
2023-12-05 12:32:38.316 [info] > git for-each-ref --format=%(refname)%00%(upstream:short)%00%(objectname)%00%(upstream:track)%00%(upstream:remotename)%00%(upstream:remoteref) refs/heads/master refs/remotes/master [4ms]
2023-12-05 12:32:38.405 [info] > git status -z -uall [83ms]
2023-12-05 13:05:52.127 [info] > git config --get commit.template [8ms]
2023-12-05 13:05:52.131 [info] > git for-each-ref --format=%(refname)%00%(upstream:short)%00%(objectname)%00%(upstream:track)%00%(upstream:remotename)%00%(upstream:remoteref) refs/heads/master refs/remotes/master [5ms]
2023-12-05 13:05:52.260 [info] > git status -z -uall [121ms]
2023-12-05 13:05:52.748 [info] > git fetch [637ms]
2023-12-05 13:05:52.759 [info] > git config --get commit.template [5ms]
2023-12-05 13:05:52.762 [info] > git for-each-ref --format=%(refname)%00%(upstream:short)%00%(objectname)%00%(upstream:track)%00%(upstream:remotename)%00%(upstream:remoteref) refs/heads/master refs/remotes/master [4ms]
2023-12-05 13:05:52.839 [info] > git status -z -uall [74ms]
2023-12-05 13:05:54.104 [info] > git ls-files --stage -- /home/ec2-user/date_log.txt [6ms]
2023-12-05 13:05:54.110 [info] > git cat-file -s e69de29bb2d1d6434b8b29ae775ad8c2e48c5391 [3ms]
2023-12-05 13:05:54.168 [info] > git show --textconv :date_log.txt [5ms]
2023-12-05 13:05:57.278 [info] > git config --get commit.template [7ms]
2023-12-05 13:05:57.281 [info] > git for-each-ref --format=%(refname)%00%(upstream:short)%00%(objectname)%00%(upstream:track)%00%(upstream:remotename)%00%(upstream:remoteref) refs/heads/master refs/remotes/master [4ms]
2023-12-05 13:05:57.364 [info] > git status -z -uall [78ms]
2023-12-05 13:06:02.382 [info] > git config --get commit.template [6ms]
2023-12-05 13:06:02.385 [info] > git for-each-ref --format=%(refname)%00%(upstream:short)%00%(objectname)%00%(upstream:track)%00%(upstream:remotename)%00%(upstream:remoteref) refs/heads/master refs/remotes/master [4ms]
2023-12-05 13:06:02.461 [info] > git status -z -uall [72ms]
2023-12-05 13:06:07.476 [info] > git config --get commit.template [6ms]
2023-12-05 13:06:07.479 [info] > git for-each-ref --format=%(refname)%00%(upstream:short)%00%(objectname)%00%(upstream:track)%00%(upstream:remotename)%00%(upstream:remoteref) refs/heads/master refs/remotes/master [4ms]
2023-12-05 13:06:07.559 [info] > git status -z -uall [75ms]
2023-12-05 13:06:12.577 [info] > git config --get commit.template [6ms]
2023-12-05 13:06:12.580 [info] > git for-each-ref --format=%(refname)%00%(upstream:short)%00%(objectname)%00%(upstream:track)%00%(upstream:remotename)%00%(upstream:remoteref) refs/heads/master refs/remotes/master [4ms]
2023-12-05 13:06:12.659 [info] > git status -z -uall [76ms]
2023-12-05 13:06:20.980 [info] > git config --get commit.template [5ms]
2023-12-05 13:06:20.984 [info] > git for-each-ref --format=%(refname)%00%(upstream:short)%00%(objectname)%00%(upstream:track)%00%(upstream:remotename)%00%(upstream:remoteref) refs/heads/master refs/remotes/master [4ms]
2023-12-05 13:06:21.064 [info] > git status -z -uall [77ms]
2023-12-05 13:07:29.561 [info] > git config --get commit.template [6ms]
2023-12-05 13:07:29.564 [info] > git for-each-ref --format=%(refname)%00%(upstream:short)%00%(objectname)%00%(upstream:track)%00%(upstream:remotename)%00%(upstream:remoteref) refs/heads/master refs/remotes/master [4ms]
2023-12-05 13:07:29.645 [info] > git status -z -uall [78ms]
