2023-12-07 05:38:43.763 [info] Log level: Info
2023-12-07 05:38:43.763 [info] Validating found git in: "git"
2023-12-07 05:38:43.764 [info] Using git "2.39.3" from "git"
2023-12-07 05:38:43.764 [info] > git rev-parse --show-toplevel [5ms]
2023-12-07 05:38:43.764 [info] > git rev-parse --git-dir --git-common-dir [3ms]
2023-12-07 05:38:43.764 [info] Open repository: /home/ec2-user
2023-12-07 05:38:43.764 [info] > git for-each-ref --format %(refname) %(objectname) %(*objectname) refs/tags [7ms]
2023-12-07 05:38:43.764 [info] > git rev-parse --show-toplevel [15ms]
2023-12-07 05:38:43.764 [info] > git show -s --format=%H%n%aN%n%aE%n%at%n%ct%n%P%n%D%n%B -z 145b4f6f34c5291e0d9ba3c5881be37e6a37ce24 [9ms]
2023-12-07 05:38:43.764 [info] > git rev-parse --show-toplevel [8ms]
2023-12-07 05:38:43.764 [info] > git rev-parse --show-toplevel [82ms]
2023-12-07 05:38:43.765 [info] > git rev-parse --show-toplevel [11ms]
2023-12-07 05:38:43.765 [info] > git rev-parse --show-toplevel [4ms]
2023-12-07 05:38:43.765 [info] > git rev-parse --show-toplevel [3ms]
2023-12-07 05:38:43.765 [info] > git status -z -uall [142ms]
2023-12-07 05:38:43.765 [info] > git rev-parse --show-toplevel [20ms]
2023-12-07 05:38:43.765 [info] > git for-each-ref --format %(refname) %(objectname) %(*objectname) refs/tags [6ms]
2023-12-07 05:38:43.765 [info] > git rev-parse --show-toplevel [10ms]
2023-12-07 05:38:43.765 [info] > git show -s --format=%H%n%aN%n%aE%n%at%n%ct%n%P%n%D%n%B -z 145b4f6f34c5291e0d9ba3c5881be37e6a37ce24 [11ms]
2023-12-07 05:38:43.766 [info] > git rev-parse --show-toplevel [10ms]
2023-12-07 05:38:43.766 [info] > git rev-parse --show-toplevel [79ms]
2023-12-07 05:38:43.766 [info] > git rev-parse --show-toplevel [20ms]
2023-12-07 05:38:43.766 [info] > git rev-parse --show-toplevel [8ms]
2023-12-07 05:38:43.766 [info] > git status -z -uall [189ms]
2023-12-07 05:38:43.766 [info] > git rev-parse --show-toplevel [41ms]
2023-12-07 05:38:44.550 [info] > git check-ignore -v -z --stdin [85ms]
2023-12-07 05:38:44.917 [info] > git show --textconv :QAF/qa1.sh [165ms]
2023-12-07 05:38:44.917 [info] > git ls-files --stage -- /home/ec2-user/QAF/qa1.sh [155ms]
2023-12-07 05:38:44.941 [info] > git cat-file -s e93e539387448455d61793f36a590d7817d21f39 [20ms]
2023-12-07 05:38:45.629 [info] > git check-ignore -v -z --stdin [4ms]
2023-12-07 05:40:00.351 [info] > git for-each-ref --format %(refname) %(objectname) %(*objectname) refs/tags [10ms]
2023-12-07 05:40:00.357 [info] > git show -s --format=%H%n%aN%n%aE%n%at%n%ct%n%P%n%D%n%B -z 145b4f6f34c5291e0d9ba3c5881be37e6a37ce24 [8ms]
2023-12-07 05:40:00.480 [info] > git status -z -uall [116ms]
2023-12-07 05:40:01.366 [info] > git fetch [1040ms]
2023-12-07 05:40:01.376 [info] > git for-each-ref --format %(refname) %(objectname) %(*objectname) refs/tags [5ms]
2023-12-07 05:40:01.379 [info] > git show -s --format=%H%n%aN%n%aE%n%at%n%ct%n%P%n%D%n%B -z 145b4f6f34c5291e0d9ba3c5881be37e6a37ce24 [3ms]
2023-12-07 05:40:01.458 [info] > git status -z -uall [76ms]
2023-12-07 05:40:02.691 [info] > git ls-files --stage -- /home/ec2-user/QAF/qa1.sh [5ms]
2023-12-07 05:40:02.697 [info] > git cat-file -s e93e539387448455d61793f36a590d7817d21f39 [2ms]
2023-12-07 05:40:02.747 [info] > git show --textconv :QAF/qa1.sh [5ms]
2023-12-07 08:46:31.525 [info] > git for-each-ref --format %(refname) %(objectname) %(*objectname) refs/tags [17ms]
2023-12-07 08:46:31.543 [info] > git show -s --format=%H%n%aN%n%aE%n%at%n%ct%n%P%n%D%n%B -z 145b4f6f34c5291e0d9ba3c5881be37e6a37ce24 [31ms]
2023-12-07 08:46:31.678 [info] > git status -z -uall [120ms]
2023-12-07 08:46:32.162 [info] > git fetch [664ms]
2023-12-07 08:46:32.175 [info] > git for-each-ref --format %(refname) %(objectname) %(*objectname) refs/tags [5ms]
2023-12-07 08:46:32.178 [info] > git show -s --format=%H%n%aN%n%aE%n%at%n%ct%n%P%n%D%n%B -z 145b4f6f34c5291e0d9ba3c5881be37e6a37ce24 [4ms]
2023-12-07 08:46:32.273 [info] > git status -z -uall [91ms]
2023-12-07 08:46:33.706 [info] > git ls-files --stage -- /home/ec2-user/QAF/qa1.sh [4ms]
2023-12-07 08:46:33.711 [info] > git cat-file -s e93e539387448455d61793f36a590d7817d21f39 [2ms]
2023-12-07 08:46:33.761 [info] > git show --textconv :QAF/qa1.sh [5ms]
2023-12-07 08:46:36.695 [info] > git for-each-ref --format %(refname) %(objectname) %(*objectname) refs/tags [6ms]
2023-12-07 08:46:36.700 [info] > git show -s --format=%H%n%aN%n%aE%n%at%n%ct%n%P%n%D%n%B -z 145b4f6f34c5291e0d9ba3c5881be37e6a37ce24 [7ms]
2023-12-07 08:46:36.786 [info] > git status -z -uall [81ms]
2023-12-07 08:46:42.977 [info] > git for-each-ref --format %(refname) %(objectname) %(*objectname) refs/tags [5ms]
2023-12-07 08:46:42.979 [info] > git show -s --format=%H%n%aN%n%aE%n%at%n%ct%n%P%n%D%n%B -z 145b4f6f34c5291e0d9ba3c5881be37e6a37ce24 [3ms]
2023-12-07 08:46:43.059 [info] > git status -z -uall [77ms]
2023-12-07 08:46:48.075 [info] > git for-each-ref --format %(refname) %(objectname) %(*objectname) refs/tags [6ms]
2023-12-07 08:46:48.078 [info] > git show -s --format=%H%n%aN%n%aE%n%at%n%ct%n%P%n%D%n%B -z 145b4f6f34c5291e0d9ba3c5881be37e6a37ce24 [3ms]
2023-12-07 08:46:48.157 [info] > git status -z -uall [76ms]
2023-12-07 08:46:53.174 [info] > git for-each-ref --format %(refname) %(objectname) %(*objectname) refs/tags [7ms]
2023-12-07 08:46:53.177 [info] > git show -s --format=%H%n%aN%n%aE%n%at%n%ct%n%P%n%D%n%B -z 145b4f6f34c5291e0d9ba3c5881be37e6a37ce24 [4ms]
2023-12-07 08:46:53.257 [info] > git status -z -uall [76ms]
2023-12-07 08:46:58.273 [info] > git for-each-ref --format %(refname) %(objectname) %(*objectname) refs/tags [5ms]
2023-12-07 08:46:58.276 [info] > git show -s --format=%H%n%aN%n%aE%n%at%n%ct%n%P%n%D%n%B -z 145b4f6f34c5291e0d9ba3c5881be37e6a37ce24 [4ms]
2023-12-07 08:46:58.357 [info] > git status -z -uall [78ms]
2023-12-07 08:47:03.374 [info] > git for-each-ref --format %(refname) %(objectname) %(*objectname) refs/tags [5ms]
2023-12-07 08:47:03.377 [info] > git show -s --format=%H%n%aN%n%aE%n%at%n%ct%n%P%n%D%n%B -z 145b4f6f34c5291e0d9ba3c5881be37e6a37ce24 [4ms]
2023-12-07 08:47:03.459 [info] > git status -z -uall [76ms]
2023-12-07 08:47:18.588 [info] > git for-each-ref --format %(refname) %(objectname) %(*objectname) refs/tags [6ms]
2023-12-07 08:47:18.591 [info] > git show -s --format=%H%n%aN%n%aE%n%at%n%ct%n%P%n%D%n%B -z 145b4f6f34c5291e0d9ba3c5881be37e6a37ce24 [4ms]
2023-12-07 08:47:18.668 [info] > git status -z -uall [74ms]
2023-12-07 08:47:23.684 [info] > git for-each-ref --format %(refname) %(objectname) %(*objectname) refs/tags [5ms]
2023-12-07 08:47:23.687 [info] > git show -s --format=%H%n%aN%n%aE%n%at%n%ct%n%P%n%D%n%B -z 145b4f6f34c5291e0d9ba3c5881be37e6a37ce24 [4ms]
2023-12-07 08:47:23.767 [info] > git status -z -uall [77ms]
2023-12-07 08:47:28.083 [info] > git ls-files --stage -- /home/ec2-user/QAF/qa1.sh [5ms]
2023-12-07 08:47:28.089 [info] > git cat-file -s e93e539387448455d61793f36a590d7817d21f39 [2ms]
2023-12-07 08:47:28.195 [info] > git show --textconv :QAF/qa1.sh [4ms]
2023-12-07 08:47:28.781 [info] > git for-each-ref --format %(refname) %(objectname) %(*objectname) refs/tags [5ms]
2023-12-07 08:47:28.784 [info] > git show -s --format=%H%n%aN%n%aE%n%at%n%ct%n%P%n%D%n%B -z 145b4f6f34c5291e0d9ba3c5881be37e6a37ce24 [4ms]
2023-12-07 08:47:28.862 [info] > git status -z -uall [75ms]
2023-12-07 08:47:33.878 [info] > git for-each-ref --format %(refname) %(objectname) %(*objectname) refs/tags [5ms]
2023-12-07 08:47:33.881 [info] > git show -s --format=%H%n%aN%n%aE%n%at%n%ct%n%P%n%D%n%B -z 145b4f6f34c5291e0d9ba3c5881be37e6a37ce24 [4ms]
2023-12-07 08:47:33.963 [info] > git status -z -uall [75ms]
2023-12-07 08:47:38.978 [info] > git for-each-ref --format %(refname) %(objectname) %(*objectname) refs/tags [5ms]
2023-12-07 08:47:38.981 [info] > git show -s --format=%H%n%aN%n%aE%n%at%n%ct%n%P%n%D%n%B -z 145b4f6f34c5291e0d9ba3c5881be37e6a37ce24 [3ms]
2023-12-07 08:47:39.058 [info] > git status -z -uall [74ms]
2023-12-07 08:47:44.073 [info] > git for-each-ref --format %(refname) %(objectname) %(*objectname) refs/tags [5ms]
2023-12-07 08:47:44.076 [info] > git show -s --format=%H%n%aN%n%aE%n%at%n%ct%n%P%n%D%n%B -z 145b4f6f34c5291e0d9ba3c5881be37e6a37ce24 [3ms]
2023-12-07 08:47:44.159 [info] > git status -z -uall [80ms]
2023-12-07 09:34:45.318 [info] > git for-each-ref --format %(refname) %(objectname) %(*objectname) refs/tags [6ms]
2023-12-07 09:34:45.321 [info] > git show -s --format=%H%n%aN%n%aE%n%at%n%ct%n%P%n%D%n%B -z 145b4f6f34c5291e0d9ba3c5881be37e6a37ce24 [4ms]
2023-12-07 09:34:45.446 [info] > git status -z -uall [117ms]
2023-12-07 09:34:45.968 [info] > git fetch [668ms]
2023-12-07 09:34:45.978 [info] > git for-each-ref --format %(refname) %(objectname) %(*objectname) refs/tags [5ms]
2023-12-07 09:34:45.980 [info] > git show -s --format=%H%n%aN%n%aE%n%at%n%ct%n%P%n%D%n%B -z 145b4f6f34c5291e0d9ba3c5881be37e6a37ce24 [3ms]
2023-12-07 09:34:46.060 [info] > git status -z -uall [76ms]
2023-12-07 09:34:47.382 [info] > git ls-files --stage -- /home/ec2-user/QAF/qa1.sh [4ms]
2023-12-07 09:34:47.388 [info] > git cat-file -s e93e539387448455d61793f36a590d7817d21f39 [2ms]
2023-12-07 09:34:47.440 [info] > git show --textconv :QAF/qa1.sh [5ms]
2023-12-07 09:34:50.463 [info] > git for-each-ref --format %(refname) %(objectname) %(*objectname) refs/tags [5ms]
2023-12-07 09:34:50.466 [info] > git show -s --format=%H%n%aN%n%aE%n%at%n%ct%n%P%n%D%n%B -z 145b4f6f34c5291e0d9ba3c5881be37e6a37ce24 [3ms]
2023-12-07 09:34:50.546 [info] > git status -z -uall [77ms]
2023-12-07 09:46:34.904 [info] > git for-each-ref --format %(refname) %(objectname) %(*objectname) refs/tags [6ms]
2023-12-07 09:46:34.908 [info] > git show -s --format=%H%n%aN%n%aE%n%at%n%ct%n%P%n%D%n%B -z 145b4f6f34c5291e0d9ba3c5881be37e6a37ce24 [5ms]
2023-12-07 09:46:35.031 [info] > git status -z -uall [115ms]
2023-12-07 09:46:35.526 [info] > git fetch [636ms]
2023-12-07 09:46:35.537 [info] > git for-each-ref --format %(refname) %(objectname) %(*objectname) refs/tags [5ms]
2023-12-07 09:46:35.540 [info] > git show -s --format=%H%n%aN%n%aE%n%at%n%ct%n%P%n%D%n%B -z 145b4f6f34c5291e0d9ba3c5881be37e6a37ce24 [3ms]
2023-12-07 09:46:35.619 [info] > git status -z -uall [76ms]
2023-12-07 09:46:36.842 [info] > git ls-files --stage -- /home/ec2-user/QAF/qa1.sh [4ms]
2023-12-07 09:46:36.849 [info] > git cat-file -s e93e539387448455d61793f36a590d7817d21f39 [3ms]
2023-12-07 09:46:36.888 [info] > git show --textconv :QAF/qa1.sh [4ms]
2023-12-07 09:46:40.049 [info] > git for-each-ref --format %(refname) %(objectname) %(*objectname) refs/tags [5ms]
2023-12-07 09:46:40.052 [info] > git show -s --format=%H%n%aN%n%aE%n%at%n%ct%n%P%n%D%n%B -z 145b4f6f34c5291e0d9ba3c5881be37e6a37ce24 [3ms]
2023-12-07 09:46:40.135 [info] > git status -z -uall [79ms]
2023-12-07 09:46:45.153 [info] > git for-each-ref --format %(refname) %(objectname) %(*objectname) refs/tags [5ms]
2023-12-07 09:46:45.156 [info] > git show -s --format=%H%n%aN%n%aE%n%at%n%ct%n%P%n%D%n%B -z 145b4f6f34c5291e0d9ba3c5881be37e6a37ce24 [3ms]
2023-12-07 09:46:45.234 [info] > git status -z -uall [75ms]
2023-12-07 09:46:50.248 [info] > git for-each-ref --format %(refname) %(objectname) %(*objectname) refs/tags [6ms]
2023-12-07 09:46:50.251 [info] > git show -s --format=%H%n%aN%n%aE%n%at%n%ct%n%P%n%D%n%B -z 145b4f6f34c5291e0d9ba3c5881be37e6a37ce24 [4ms]
2023-12-07 09:46:50.329 [info] > git status -z -uall [73ms]
2023-12-07 09:46:55.344 [info] > git for-each-ref --format %(refname) %(objectname) %(*objectname) refs/tags [6ms]
2023-12-07 09:46:55.346 [info] > git show -s --format=%H%n%aN%n%aE%n%at%n%ct%n%P%n%D%n%B -z 145b4f6f34c5291e0d9ba3c5881be37e6a37ce24 [3ms]
2023-12-07 09:46:55.424 [info] > git status -z -uall [75ms]
2023-12-07 09:47:00.446 [info] > git for-each-ref --format %(refname) %(objectname) %(*objectname) refs/tags [12ms]
2023-12-07 09:47:00.454 [info] > git show -s --format=%H%n%aN%n%aE%n%at%n%ct%n%P%n%D%n%B -z 145b4f6f34c5291e0d9ba3c5881be37e6a37ce24 [9ms]
2023-12-07 09:47:00.536 [info] > git status -z -uall [74ms]
2023-12-07 09:47:05.551 [info] > git for-each-ref --format %(refname) %(objectname) %(*objectname) refs/tags [5ms]
2023-12-07 09:47:05.554 [info] > git show -s --format=%H%n%aN%n%aE%n%at%n%ct%n%P%n%D%n%B -z 145b4f6f34c5291e0d9ba3c5881be37e6a37ce24 [3ms]
2023-12-07 09:47:05.633 [info] > git status -z -uall [76ms]
2023-12-07 09:47:10.649 [info] > git for-each-ref --format %(refname) %(objectname) %(*objectname) refs/tags [5ms]
2023-12-07 09:47:10.652 [info] > git show -s --format=%H%n%aN%n%aE%n%at%n%ct%n%P%n%D%n%B -z 145b4f6f34c5291e0d9ba3c5881be37e6a37ce24 [3ms]
2023-12-07 09:47:10.733 [info] > git status -z -uall [78ms]
2023-12-07 09:47:15.748 [info] > git for-each-ref --format %(refname) %(objectname) %(*objectname) refs/tags [5ms]
2023-12-07 09:47:15.751 [info] > git show -s --format=%H%n%aN%n%aE%n%at%n%ct%n%P%n%D%n%B -z 145b4f6f34c5291e0d9ba3c5881be37e6a37ce24 [3ms]
2023-12-07 09:47:15.831 [info] > git status -z -uall [77ms]
2023-12-07 09:47:20.846 [info] > git for-each-ref --format %(refname) %(objectname) %(*objectname) refs/tags [5ms]
2023-12-07 09:47:20.848 [info] > git show -s --format=%H%n%aN%n%aE%n%at%n%ct%n%P%n%D%n%B -z 145b4f6f34c5291e0d9ba3c5881be37e6a37ce24 [3ms]
2023-12-07 09:47:20.928 [info] > git status -z -uall [77ms]
2023-12-07 09:47:25.942 [info] > git for-each-ref --format %(refname) %(objectname) %(*objectname) refs/tags [5ms]
2023-12-07 09:47:25.945 [info] > git show -s --format=%H%n%aN%n%aE%n%at%n%ct%n%P%n%D%n%B -z 145b4f6f34c5291e0d9ba3c5881be37e6a37ce24 [3ms]
2023-12-07 09:47:26.027 [info] > git status -z -uall [78ms]
2023-12-07 09:47:31.041 [info] > git for-each-ref --format %(refname) %(objectname) %(*objectname) refs/tags [5ms]
2023-12-07 09:47:31.044 [info] > git show -s --format=%H%n%aN%n%aE%n%at%n%ct%n%P%n%D%n%B -z 145b4f6f34c5291e0d9ba3c5881be37e6a37ce24 [3ms]
2023-12-07 09:47:31.122 [info] > git status -z -uall [75ms]
2023-12-07 09:47:36.137 [info] > git for-each-ref --format %(refname) %(objectname) %(*objectname) refs/tags [5ms]
2023-12-07 09:47:36.140 [info] > git show -s --format=%H%n%aN%n%aE%n%at%n%ct%n%P%n%D%n%B -z 145b4f6f34c5291e0d9ba3c5881be37e6a37ce24 [3ms]
2023-12-07 09:47:36.219 [info] > git status -z -uall [76ms]
2023-12-07 09:47:41.235 [info] > git for-each-ref --format %(refname) %(objectname) %(*objectname) refs/tags [5ms]
2023-12-07 09:47:41.238 [info] > git show -s --format=%H%n%aN%n%aE%n%at%n%ct%n%P%n%D%n%B -z 145b4f6f34c5291e0d9ba3c5881be37e6a37ce24 [3ms]
2023-12-07 09:47:41.319 [info] > git status -z -uall [78ms]
2023-12-07 09:47:46.334 [info] > git for-each-ref --format %(refname) %(objectname) %(*objectname) refs/tags [5ms]
2023-12-07 09:47:46.337 [info] > git show -s --format=%H%n%aN%n%aE%n%at%n%ct%n%P%n%D%n%B -z 145b4f6f34c5291e0d9ba3c5881be37e6a37ce24 [3ms]
2023-12-07 09:47:46.419 [info] > git status -z -uall [79ms]
2023-12-07 09:47:51.435 [info] > git for-each-ref --format %(refname) %(objectname) %(*objectname) refs/tags [5ms]
2023-12-07 09:47:51.437 [info] > git show -s --format=%H%n%aN%n%aE%n%at%n%ct%n%P%n%D%n%B -z 145b4f6f34c5291e0d9ba3c5881be37e6a37ce24 [3ms]
2023-12-07 09:47:51.518 [info] > git status -z -uall [77ms]
2023-12-07 09:47:56.536 [info] > git for-each-ref --format %(refname) %(objectname) %(*objectname) refs/tags [5ms]
2023-12-07 09:47:56.539 [info] > git show -s --format=%H%n%aN%n%aE%n%at%n%ct%n%P%n%D%n%B -z 145b4f6f34c5291e0d9ba3c5881be37e6a37ce24 [4ms]
2023-12-07 09:47:56.619 [info] > git status -z -uall [77ms]
2023-12-07 09:48:01.636 [info] > git for-each-ref --format %(refname) %(objectname) %(*objectname) refs/tags [5ms]
2023-12-07 09:48:01.639 [info] > git show -s --format=%H%n%aN%n%aE%n%at%n%ct%n%P%n%D%n%B -z 145b4f6f34c5291e0d9ba3c5881be37e6a37ce24 [4ms]
2023-12-07 09:48:01.719 [info] > git status -z -uall [77ms]
2023-12-07 09:48:06.733 [info] > git for-each-ref --format %(refname) %(objectname) %(*objectname) refs/tags [5ms]
2023-12-07 09:48:06.735 [info] > git show -s --format=%H%n%aN%n%aE%n%at%n%ct%n%P%n%D%n%B -z 145b4f6f34c5291e0d9ba3c5881be37e6a37ce24 [3ms]
2023-12-07 09:48:06.816 [info] > git status -z -uall [78ms]
2023-12-07 09:49:28.396 [info] > git for-each-ref --format %(refname) %(objectname) %(*objectname) refs/tags [5ms]
2023-12-07 09:49:28.399 [info] > git show -s --format=%H%n%aN%n%aE%n%at%n%ct%n%P%n%D%n%B -z 145b4f6f34c5291e0d9ba3c5881be37e6a37ce24 [3ms]
2023-12-07 09:49:28.479 [info] > git status -z -uall [77ms]
2023-12-07 09:49:33.506 [info] > git for-each-ref --format %(refname) %(objectname) %(*objectname) refs/tags [17ms]
2023-12-07 09:49:33.532 [info] > git show -s --format=%H%n%aN%n%aE%n%at%n%ct%n%P%n%D%n%B -z 145b4f6f34c5291e0d9ba3c5881be37e6a37ce24 [39ms]
2023-12-07 09:49:33.674 [info] > git status -z -uall [108ms]
2023-12-07 09:49:36.182 [info] > git fetch [555ms]
2023-12-07 09:49:36.192 [info] > git for-each-ref --format %(refname) %(objectname) %(*objectname) refs/tags [5ms]
2023-12-07 09:49:36.195 [info] > git show -s --format=%H%n%aN%n%aE%n%at%n%ct%n%P%n%D%n%B -z 145b4f6f34c5291e0d9ba3c5881be37e6a37ce24 [3ms]
2023-12-07 09:49:36.292 [info] > git status -z -uall [94ms]
2023-12-07 09:49:37.662 [info] > git ls-files --stage -- /home/ec2-user/QAF/qa1.sh [5ms]
2023-12-07 09:49:37.669 [info] > git cat-file -s e93e539387448455d61793f36a590d7817d21f39 [4ms]
2023-12-07 09:49:37.714 [info] > git show --textconv :QAF/qa1.sh [5ms]
2023-12-07 09:49:38.689 [info] > git for-each-ref --format %(refname) %(objectname) %(*objectname) refs/tags [5ms]
2023-12-07 09:49:38.692 [info] > git show -s --format=%H%n%aN%n%aE%n%at%n%ct%n%P%n%D%n%B -z 145b4f6f34c5291e0d9ba3c5881be37e6a37ce24 [3ms]
2023-12-07 09:49:38.771 [info] > git status -z -uall [76ms]
2023-12-07 09:49:43.786 [info] > git for-each-ref --format %(refname) %(objectname) %(*objectname) refs/tags [5ms]
2023-12-07 09:49:43.790 [info] > git show -s --format=%H%n%aN%n%aE%n%at%n%ct%n%P%n%D%n%B -z 145b4f6f34c5291e0d9ba3c5881be37e6a37ce24 [4ms]
2023-12-07 09:49:43.867 [info] > git status -z -uall [74ms]
2023-12-07 09:49:48.882 [info] > git for-each-ref --format %(refname) %(objectname) %(*objectname) refs/tags [5ms]
2023-12-07 09:49:48.885 [info] > git show -s --format=%H%n%aN%n%aE%n%at%n%ct%n%P%n%D%n%B -z 145b4f6f34c5291e0d9ba3c5881be37e6a37ce24 [4ms]
2023-12-07 09:49:48.961 [info] > git status -z -uall [73ms]
2023-12-07 09:49:50.217 [info] > git ls-files --stage -- /home/ec2-user/QAF/qa1.sh [5ms]
2023-12-07 09:49:50.223 [info] > git cat-file -s e93e539387448455d61793f36a590d7817d21f39 [2ms]
2023-12-07 09:49:50.270 [info] > git show --textconv :QAF/qa1.sh [5ms]
2023-12-07 09:49:53.977 [info] > git for-each-ref --format %(refname) %(objectname) %(*objectname) refs/tags [6ms]
2023-12-07 09:49:53.980 [info] > git show -s --format=%H%n%aN%n%aE%n%at%n%ct%n%P%n%D%n%B -z 145b4f6f34c5291e0d9ba3c5881be37e6a37ce24 [4ms]
2023-12-07 09:49:54.058 [info] > git status -z -uall [75ms]
2023-12-07 09:49:59.073 [info] > git for-each-ref --format %(refname) %(objectname) %(*objectname) refs/tags [5ms]
2023-12-07 09:49:59.077 [info] > git show -s --format=%H%n%aN%n%aE%n%at%n%ct%n%P%n%D%n%B -z 145b4f6f34c5291e0d9ba3c5881be37e6a37ce24 [4ms]
2023-12-07 09:49:59.159 [info] > git status -z -uall [78ms]
2023-12-07 09:50:04.174 [info] > git for-each-ref --format %(refname) %(objectname) %(*objectname) refs/tags [5ms]
2023-12-07 09:50:04.177 [info] > git show -s --format=%H%n%aN%n%aE%n%at%n%ct%n%P%n%D%n%B -z 145b4f6f34c5291e0d9ba3c5881be37e6a37ce24 [3ms]
2023-12-07 09:50:04.253 [info] > git status -z -uall [73ms]
2023-12-07 09:50:09.268 [info] > git for-each-ref --format %(refname) %(objectname) %(*objectname) refs/tags [5ms]
2023-12-07 09:50:09.271 [info] > git show -s --format=%H%n%aN%n%aE%n%at%n%ct%n%P%n%D%n%B -z 145b4f6f34c5291e0d9ba3c5881be37e6a37ce24 [4ms]
2023-12-07 09:50:09.355 [info] > git status -z -uall [81ms]
2023-12-07 09:50:14.371 [info] > git for-each-ref --format %(refname) %(objectname) %(*objectname) refs/tags [5ms]
2023-12-07 09:50:14.374 [info] > git show -s --format=%H%n%aN%n%aE%n%at%n%ct%n%P%n%D%n%B -z 145b4f6f34c5291e0d9ba3c5881be37e6a37ce24 [4ms]
2023-12-07 09:50:14.454 [info] > git status -z -uall [76ms]
2023-12-07 09:50:25.808 [info] > git config --get commit.template [6ms]
2023-12-07 09:50:25.810 [info] > git for-each-ref --format=%(refname)%00%(upstream:short)%00%(objectname)%00%(upstream:track)%00%(upstream:remotename)%00%(upstream:remoteref) refs/heads/dev refs/remotes/dev [4ms]
2023-12-07 09:50:25.879 [info] > git check-ignore -v -z --stdin [9ms]
2023-12-07 09:50:25.898 [info] > git status -z -uall [84ms]
2023-12-07 09:50:25.951 [info] > git ls-files --stage -- /home/ec2-user/QAF/qa1.sh [5ms]
2023-12-07 09:50:25.957 [info] > git cat-file -s e93e539387448455d61793f36a590d7817d21f39 [2ms]
2023-12-07 09:50:26.005 [info] > git show --textconv :QAF/qa1.sh [7ms]
2023-12-07 09:50:46.038 [info] > git config --get commit.template [6ms]
2023-12-07 09:50:46.043 [info] > git for-each-ref --format=%(refname)%00%(upstream:short)%00%(objectname)%00%(upstream:track)%00%(upstream:remotename)%00%(upstream:remoteref) refs/heads/dev refs/remotes/dev [6ms]
2023-12-07 09:50:46.125 [info] > git status -z -uall [79ms]
2023-12-07 09:51:00.324 [info] > git config --get commit.template [6ms]
2023-12-07 09:51:00.327 [info] > git for-each-ref --format=%(refname)%00%(upstream:short)%00%(objectname)%00%(upstream:track)%00%(upstream:remotename)%00%(upstream:remoteref) refs/heads/dev refs/remotes/dev [3ms]
2023-12-07 09:51:00.403 [info] > git status -z -uall [72ms]
2023-12-07 09:51:00.458 [info] > git ls-files --stage -- /home/ec2-user/QAF/qa1.sh [4ms]
2023-12-07 09:51:00.466 [info] > git cat-file -s e93e539387448455d61793f36a590d7817d21f39 [3ms]
2023-12-07 09:51:00.509 [info] > git show --textconv :QAF/qa1.sh [6ms]
2023-12-07 09:51:47.639 [info] > git for-each-ref --format %(refname) %(objectname) %(*objectname) refs/tags [5ms]
2023-12-07 09:51:47.642 [info] > git show -s --format=%H%n%aN%n%aE%n%at%n%ct%n%P%n%D%n%B -z 4d8a3df0b2ae0a598c562c2d104682e439447ef6 [4ms]
2023-12-07 09:51:47.721 [info] > git status -z -uall [76ms]
2023-12-07 09:51:47.799 [info] > git ls-files --stage -- /home/ec2-user/QAF/qa1.sh [4ms]
2023-12-07 09:51:47.806 [info] > git cat-file -s e93e539387448455d61793f36a590d7817d21f39 [2ms]
2023-12-07 09:51:47.865 [info] > git show --textconv :QAF/qa1.sh [5ms]
2023-12-07 09:52:36.857 [info] > git fetch [555ms]
2023-12-07 09:52:36.868 [info] > git for-each-ref --format %(refname) %(objectname) %(*objectname) refs/tags [5ms]
2023-12-07 09:52:36.871 [info] > git show -s --format=%H%n%aN%n%aE%n%at%n%ct%n%P%n%D%n%B -z 4d8a3df0b2ae0a598c562c2d104682e439447ef6 [3ms]
2023-12-07 09:52:36.951 [info] > git status -z -uall [77ms]
2023-12-07 09:52:38.103 [info] > git ls-files --stage -- /home/ec2-user/QAF/qa1.sh [4ms]
2023-12-07 09:52:38.109 [info] > git cat-file -s e93e539387448455d61793f36a590d7817d21f39 [2ms]
2023-12-07 09:52:38.149 [info] > git show --textconv :QAF/qa1.sh [4ms]
2023-12-07 09:52:38.451 [info] > git for-each-ref --format %(refname) %(objectname) %(*objectname) refs/tags [5ms]
2023-12-07 09:52:38.454 [info] > git show -s --format=%H%n%aN%n%aE%n%at%n%ct%n%P%n%D%n%B -z 4d8a3df0b2ae0a598c562c2d104682e439447ef6 [3ms]
2023-12-07 09:52:38.531 [info] > git status -z -uall [74ms]
2023-12-07 09:52:54.134 [info] > git for-each-ref --format %(refname) %(objectname) %(*objectname) refs/tags [5ms]
2023-12-07 09:52:54.137 [info] > git show -s --format=%H%n%aN%n%aE%n%at%n%ct%n%P%n%D%n%B -z 4d8a3df0b2ae0a598c562c2d104682e439447ef6 [3ms]
2023-12-07 09:52:54.217 [info] > git status -z -uall [77ms]
2023-12-07 09:53:08.226 [info] > git config --get commit.template [5ms]
2023-12-07 09:53:08.228 [info] > git for-each-ref --format=%(refname)%00%(upstream:short)%00%(objectname)%00%(upstream:track)%00%(upstream:remotename)%00%(upstream:remoteref) refs/heads/dev refs/remotes/dev [3ms]
2023-12-07 09:53:08.328 [info] > git status -z -uall [96ms]
2023-12-07 09:53:08.356 [info] > git ls-files --stage -- /home/ec2-user/QAF/qa1.sh [4ms]
2023-12-07 09:53:08.363 [info] > git cat-file -s e93e539387448455d61793f36a590d7817d21f39 [3ms]
2023-12-07 09:53:08.404 [info] > git show --textconv :QAF/qa1.sh [4ms]
2023-12-07 09:53:38.093 [info] > git config --get commit.template [6ms]
2023-12-07 09:53:38.095 [info] > git for-each-ref --format=%(refname)%00%(upstream:short)%00%(objectname)%00%(upstream:track)%00%(upstream:remotename)%00%(upstream:remoteref) refs/heads/dev refs/remotes/dev [3ms]
2023-12-07 09:53:38.179 [info] > git status -z -uall [80ms]
2023-12-07 09:53:52.412 [info] > git config --get commit.template [6ms]
2023-12-07 09:53:52.414 [info] > git for-each-ref --format=%(refname)%00%(upstream:short)%00%(objectname)%00%(upstream:track)%00%(upstream:remotename)%00%(upstream:remoteref) refs/heads/dev refs/remotes/dev [3ms]
2023-12-07 09:53:52.494 [info] > git status -z -uall [76ms]
2023-12-07 09:53:52.554 [info] > git ls-files --stage -- /home/ec2-user/QAF/qa1.sh [4ms]
2023-12-07 09:53:52.559 [info] > git cat-file -s e93e539387448455d61793f36a590d7817d21f39 [2ms]
2023-12-07 09:53:52.605 [info] > git show --textconv :QAF/qa1.sh [5ms]
2023-12-07 09:54:48.040 [info] > git config --get commit.template [6ms]
2023-12-07 09:54:48.042 [info] > git for-each-ref --format %(refname) %(objectname) %(*objectname) refs/tags [3ms]
2023-12-07 09:54:48.100 [info] > git check-ignore -v -z --stdin [18ms]
2023-12-07 09:54:48.135 [info] > git status -z -uall [90ms]
2023-12-07 09:54:48.172 [info] > git ls-files --stage -- /home/ec2-user/QAF/qa1.sh [4ms]
2023-12-07 09:54:48.221 [info] > git show --textconv :QAF/qa1.sh [5ms]
2023-12-07 09:55:09.461 [info] > git config --get commit.template [8ms]
2023-12-07 09:55:09.465 [info] > git for-each-ref --format %(refname) %(objectname) %(*objectname) refs/tags [5ms]
2023-12-07 09:55:09.563 [info] > git status -z -uall [91ms]
2023-12-07 09:55:15.387 [info] > git config --get commit.template [6ms]
2023-12-07 09:55:15.389 [info] > git for-each-ref --format=%(refname)%00%(upstream:short)%00%(objectname)%00%(upstream:track)%00%(upstream:remotename)%00%(upstream:remoteref) refs/heads/dev refs/remotes/dev [3ms]
2023-12-07 09:55:15.467 [info] > git status -z -uall [75ms]
2023-12-07 09:55:15.656 [info] > git ls-files --stage -- /home/ec2-user/QAF/qa1.sh [5ms]
2023-12-07 09:55:15.662 [info] > git cat-file -s e93e539387448455d61793f36a590d7817d21f39 [2ms]
2023-12-07 09:55:15.824 [info] > git show --textconv :QAF/qa1.sh [5ms]
2023-12-07 09:55:29.127 [info] > git config --get commit.template [6ms]
2023-12-07 09:55:29.129 [info] > git for-each-ref --format=%(refname)%00%(upstream:short)%00%(objectname)%00%(upstream:track)%00%(upstream:remotename)%00%(upstream:remoteref) refs/heads/dev refs/remotes/dev [3ms]
2023-12-07 09:55:29.207 [info] > git status -z -uall [75ms]
2023-12-07 09:55:37.508 [info] > git fetch [550ms]
2023-12-07 09:55:37.518 [info] > git config --get commit.template [5ms]
2023-12-07 09:55:37.521 [info] > git for-each-ref --format=%(refname)%00%(upstream:short)%00%(objectname)%00%(upstream:track)%00%(upstream:remotename)%00%(upstream:remoteref) refs/heads/dev refs/remotes/dev [3ms]
2023-12-07 09:55:37.600 [info] > git status -z -uall [76ms]
2023-12-07 09:55:38.630 [info] > git config --get commit.template [7ms]
2023-12-07 09:55:38.632 [info] > git for-each-ref --format=%(refname)%00%(upstream:short)%00%(objectname)%00%(upstream:track)%00%(upstream:remotename)%00%(upstream:remoteref) refs/heads/dev refs/remotes/dev [3ms]
2023-12-07 09:55:38.713 [info] > git status -z -uall [76ms]
2023-12-07 09:55:38.760 [info] > git ls-files --stage -- /home/ec2-user/QAF/qa1.sh [4ms]
2023-12-07 09:55:38.766 [info] > git cat-file -s e93e539387448455d61793f36a590d7817d21f39 [2ms]
2023-12-07 09:55:38.809 [info] > git show --textconv :QAF/qa1.sh [4ms]
2023-12-07 09:55:56.749 [info] > git config --get commit.template [6ms]
2023-12-07 09:55:56.751 [info] > git for-each-ref --format=%(refname)%00%(upstream:short)%00%(objectname)%00%(upstream:track)%00%(upstream:remotename)%00%(upstream:remoteref) refs/heads/dev refs/remotes/dev [3ms]
2023-12-07 09:55:56.831 [info] > git status -z -uall [77ms]
2023-12-07 09:56:09.075 [info] > git config --get commit.template [6ms]
2023-12-07 09:56:09.077 [info] > git for-each-ref --format=%(refname)%00%(upstream:short)%00%(objectname)%00%(upstream:track)%00%(upstream:remotename)%00%(upstream:remoteref) refs/heads/dev refs/remotes/dev [3ms]
2023-12-07 09:56:09.180 [info] > git status -z -uall [100ms]
2023-12-07 09:56:09.207 [info] > git ls-files --stage -- /home/ec2-user/QAF/qa1.sh [5ms]
2023-12-07 09:56:09.212 [info] > git cat-file -s e93e539387448455d61793f36a590d7817d21f39 [2ms]
2023-12-07 09:56:09.257 [info] > git show --textconv :QAF/qa1.sh [5ms]
2023-12-07 09:57:08.415 [info] > git for-each-ref --format %(refname) %(objectname) %(*objectname) refs/tags [5ms]
2023-12-07 09:57:08.417 [info] > git show -s --format=%H%n%aN%n%aE%n%at%n%ct%n%P%n%D%n%B -z 4d8a3df0b2ae0a598c562c2d104682e439447ef6 [3ms]
2023-12-07 09:57:08.520 [info] > git status -z -uall [99ms]
2023-12-07 09:57:08.551 [info] > git ls-files --stage -- /home/ec2-user/QAF/qa1.sh [4ms]
2023-12-07 09:57:08.558 [info] > git cat-file -s e93e539387448455d61793f36a590d7817d21f39 [3ms]
2023-12-07 09:57:08.599 [info] > git show --textconv :QAF/qa1.sh [5ms]
2023-12-07 09:57:12.705 [info] > git ls-files --stage -- /home/ec2-user/QAF/qa1.sh [4ms]
2023-12-07 09:57:12.711 [info] > git cat-file -s e93e539387448455d61793f36a590d7817d21f39 [2ms]
2023-12-07 09:57:12.757 [info] > git show --textconv :QAF/qa1.sh [5ms]
2023-12-07 09:57:13.535 [info] > git for-each-ref --format %(refname) %(objectname) %(*objectname) refs/tags [5ms]
2023-12-07 09:57:13.538 [info] > git show -s --format=%H%n%aN%n%aE%n%at%n%ct%n%P%n%D%n%B -z 4d8a3df0b2ae0a598c562c2d104682e439447ef6 [4ms]
2023-12-07 09:57:13.613 [info] > git status -z -uall [72ms]
2023-12-07 09:57:42.915 [info] > git for-each-ref --format %(refname) %(objectname) %(*objectname) refs/tags [6ms]
2023-12-07 09:57:42.915 [info] > git config --get commit.template [12ms]
2023-12-07 09:57:42.918 [info] > git show -s --format=%H%n%aN%n%aE%n%at%n%ct%n%P%n%D%n%B -z 145b4f6f34c5291e0d9ba3c5881be37e6a37ce24 [4ms]
2023-12-07 09:57:42.999 [info] > git status -z -uall [77ms]
2023-12-07 09:57:43.046 [info] > git ls-files --stage -- /home/ec2-user/QAF/qa1.sh [4ms]
2023-12-07 09:57:43.052 [info] > git cat-file -s e93e539387448455d61793f36a590d7817d21f39 [3ms]
2023-12-07 09:57:43.093 [info] > git show --textconv :QAF/qa1.sh [4ms]
2023-12-07 09:58:04.124 [info] > git for-each-ref --format %(refname) %(objectname) %(*objectname) refs/tags [5ms]
2023-12-07 09:58:04.124 [info] > git config --get commit.template [12ms]
2023-12-07 09:58:04.127 [info] > git show -s --format=%H%n%aN%n%aE%n%at%n%ct%n%P%n%D%n%B -z 145b4f6f34c5291e0d9ba3c5881be37e6a37ce24 [4ms]
2023-12-07 09:58:04.205 [info] > git status -z -uall [75ms]
2023-12-07 09:58:11.834 [info] > git config --get commit.template [6ms]
2023-12-07 09:58:11.836 [info] > git for-each-ref --format=%(refname)%00%(upstream:short)%00%(objectname)%00%(upstream:track)%00%(upstream:remotename)%00%(upstream:remoteref) refs/heads/dev refs/remotes/dev [3ms]
2023-12-07 09:58:11.915 [info] > git status -z -uall [76ms]
2023-12-07 09:58:11.974 [info] > git ls-files --stage -- /home/ec2-user/QAF/qa1.sh [5ms]
2023-12-07 09:58:11.979 [info] > git cat-file -s e93e539387448455d61793f36a590d7817d21f39 [2ms]
2023-12-07 09:58:12.055 [info] > git show --textconv :QAF/qa1.sh [4ms]
2023-12-07 09:58:35.709 [info] > git config --get commit.template [7ms]
2023-12-07 09:58:35.712 [info] > git for-each-ref --format=%(refname)%00%(upstream:short)%00%(objectname)%00%(upstream:track)%00%(upstream:remotename)%00%(upstream:remoteref) refs/heads/dev refs/remotes/dev [3ms]
2023-12-07 09:58:35.791 [info] > git status -z -uall [75ms]
2023-12-07 09:58:38.208 [info] > git fetch [600ms]
2023-12-07 09:58:38.219 [info] > git config --get commit.template [6ms]
2023-12-07 09:58:38.222 [info] > git for-each-ref --format=%(refname)%00%(upstream:short)%00%(objectname)%00%(upstream:track)%00%(upstream:remotename)%00%(upstream:remoteref) refs/heads/dev refs/remotes/dev [3ms]
2023-12-07 09:58:38.302 [info] > git status -z -uall [77ms]
2023-12-07 09:58:39.454 [info] > git ls-files --stage -- /home/ec2-user/QAF/qa1.sh [5ms]
2023-12-07 09:58:39.460 [info] > git cat-file -s e93e539387448455d61793f36a590d7817d21f39 [2ms]
2023-12-07 09:58:39.502 [info] > git show --textconv :QAF/qa1.sh [5ms]
2023-12-07 09:58:40.804 [info] > git config --get commit.template [5ms]
2023-12-07 09:58:40.806 [info] > git for-each-ref --format=%(refname)%00%(upstream:short)%00%(objectname)%00%(upstream:track)%00%(upstream:remotename)%00%(upstream:remoteref) refs/heads/dev refs/remotes/dev [3ms]
2023-12-07 09:58:40.886 [info] > git status -z -uall [77ms]
2023-12-07 09:58:48.728 [info] > git config --get commit.template [5ms]
2023-12-07 09:58:48.730 [info] > git for-each-ref --format=%(refname)%00%(upstream:short)%00%(objectname)%00%(upstream:track)%00%(upstream:remotename)%00%(upstream:remoteref) refs/heads/dev refs/remotes/dev [3ms]
2023-12-07 09:58:48.833 [info] > git status -z -uall [99ms]
2023-12-07 09:58:48.984 [info] > git ls-files --stage -- /home/ec2-user/QAF/qa1.sh [5ms]
2023-12-07 09:58:48.990 [info] > git cat-file -s e93e539387448455d61793f36a590d7817d21f39 [2ms]
2023-12-07 09:58:49.170 [info] > git show --textconv :QAF/qa1.sh [5ms]
2023-12-07 09:59:22.939 [info] > git for-each-ref --format %(refname) %(objectname) %(*objectname) refs/tags [5ms]
2023-12-07 09:59:22.942 [info] > git show -s --format=%H%n%aN%n%aE%n%at%n%ct%n%P%n%D%n%B -z 145b4f6f34c5291e0d9ba3c5881be37e6a37ce24 [3ms]
2023-12-07 09:59:23.025 [info] > git status -z -uall [77ms]
2023-12-07 09:59:23.081 [info] > git ls-files --stage -- /home/ec2-user/QAF/qa1.sh [5ms]
2023-12-07 09:59:23.087 [info] > git cat-file -s e93e539387448455d61793f36a590d7817d21f39 [3ms]
2023-12-07 09:59:23.132 [info] > git show --textconv :QAF/qa1.sh [6ms]
2023-12-07 10:01:03.824 [info] > git config --get commit.template [6ms]
2023-12-07 10:01:03.826 [info] > git for-each-ref --format=%(refname)%00%(upstream:short)%00%(objectname)%00%(upstream:track)%00%(upstream:remotename)%00%(upstream:remoteref) refs/heads/dev refs/remotes/dev [3ms]
2023-12-07 10:01:03.905 [info] > git status -z -uall [75ms]
2023-12-07 10:01:03.956 [info] > git ls-files --stage -- /home/ec2-user/QAF/qa1.sh [4ms]
2023-12-07 10:01:03.962 [info] > git cat-file -s e93e539387448455d61793f36a590d7817d21f39 [3ms]
2023-12-07 10:01:04.009 [info] > git show --textconv :QAF/qa1.sh [8ms]
2023-12-07 10:01:32.457 [info] > git config --get commit.template [6ms]
2023-12-07 10:01:32.459 [info] > git for-each-ref --format=%(refname)%00%(upstream:short)%00%(objectname)%00%(upstream:track)%00%(upstream:remotename)%00%(upstream:remoteref) refs/heads/dev refs/remotes/dev [3ms]
2023-12-07 10:01:32.540 [info] > git status -z -uall [77ms]
2023-12-07 10:01:38.846 [info] > git fetch [535ms]
2023-12-07 10:01:38.857 [info] > git config --get commit.template [5ms]
2023-12-07 10:01:38.859 [info] > git for-each-ref --format=%(refname)%00%(upstream:short)%00%(objectname)%00%(upstream:track)%00%(upstream:remotename)%00%(upstream:remoteref) refs/heads/dev refs/remotes/dev [3ms]
2023-12-07 10:01:38.937 [info] > git status -z -uall [75ms]
2023-12-07 10:01:39.960 [info] > git config --get commit.template [6ms]
2023-12-07 10:01:39.963 [info] > git for-each-ref --format=%(refname)%00%(upstream:short)%00%(objectname)%00%(upstream:track)%00%(upstream:remotename)%00%(upstream:remoteref) refs/heads/dev refs/remotes/dev [3ms]
2023-12-07 10:01:40.043 [info] > git status -z -uall [77ms]
2023-12-07 10:01:40.091 [info] > git ls-files --stage -- /home/ec2-user/QAF/qa1.sh [4ms]
2023-12-07 10:01:40.097 [info] > git cat-file -s e93e539387448455d61793f36a590d7817d21f39 [2ms]
2023-12-07 10:01:40.140 [info] > git show --textconv :QAF/qa1.sh [5ms]
2023-12-07 10:02:00.480 [info] > git config --get commit.template [6ms]
2023-12-07 10:02:00.483 [info] > git for-each-ref --format=%(refname)%00%(upstream:short)%00%(objectname)%00%(upstream:track)%00%(upstream:remotename)%00%(upstream:remoteref) refs/heads/dev refs/remotes/dev [3ms]
2023-12-07 10:02:00.560 [info] > git status -z -uall [74ms]
2023-12-07 10:02:14.302 [info] > git config --get commit.template [6ms]
2023-12-07 10:02:14.304 [info] > git for-each-ref --format=%(refname)%00%(upstream:short)%00%(objectname)%00%(upstream:track)%00%(upstream:remotename)%00%(upstream:remoteref) refs/heads/dev refs/remotes/dev [3ms]
2023-12-07 10:02:14.407 [info] > git status -z -uall [100ms]
2023-12-07 10:02:14.432 [info] > git ls-files --stage -- /home/ec2-user/QAF/qa1.sh [4ms]
2023-12-07 10:02:14.437 [info] > git cat-file -s e93e539387448455d61793f36a590d7817d21f39 [2ms]
2023-12-07 10:02:14.479 [info] > git show --textconv :QAF/qa1.sh [4ms]
2023-12-07 10:02:49.521 [info] > git config --get commit.template [5ms]
2023-12-07 10:02:49.524 [info] > git for-each-ref --format=%(refname)%00%(upstream:short)%00%(objectname)%00%(upstream:track)%00%(upstream:remotename)%00%(upstream:remoteref) refs/heads/dev refs/remotes/dev [3ms]
2023-12-07 10:02:49.603 [info] > git status -z -uall [76ms]
2023-12-07 10:02:49.673 [info] > git ls-files --stage -- /home/ec2-user/QAF/qa1.sh [5ms]
2023-12-07 10:02:49.678 [info] > git cat-file -s e93e539387448455d61793f36a590d7817d21f39 [2ms]
2023-12-07 10:02:49.725 [info] > git show --textconv :QAF/qa1.sh [4ms]
2023-12-07 10:03:11.301 [info] > git config --get commit.template [6ms]
2023-12-07 10:03:11.303 [info] > git for-each-ref --format=%(refname)%00%(upstream:short)%00%(objectname)%00%(upstream:track)%00%(upstream:remotename)%00%(upstream:remoteref) refs/heads/dev refs/remotes/dev [3ms]
2023-12-07 10:03:11.383 [info] > git status -z -uall [77ms]
2023-12-07 10:03:16.402 [info] > git config --get commit.template [5ms]
2023-12-07 10:03:16.404 [info] > git for-each-ref --format=%(refname)%00%(upstream:short)%00%(objectname)%00%(upstream:track)%00%(upstream:remotename)%00%(upstream:remoteref) refs/heads/dev refs/remotes/dev [3ms]
2023-12-07 10:03:16.482 [info] > git status -z -uall [75ms]
2023-12-07 10:03:38.644 [info] > git config --get commit.template [6ms]
2023-12-07 10:03:38.646 [info] > git for-each-ref --format=%(refname)%00%(upstream:short)%00%(objectname)%00%(upstream:track)%00%(upstream:remotename)%00%(upstream:remoteref) refs/heads/dev refs/remotes/dev [3ms]
2023-12-07 10:03:38.732 [info] > git status -z -uall [81ms]
2023-12-07 10:03:39.327 [info] > git check-ignore -v -z --stdin [5ms]
