2023-12-02 05:52:45.085 [info] Extension host with pid 1330 started
2023-12-02 05:52:45.149 [info] Lock '/home/ec2-user/.vscode-server/data/User/workspaceStorage/247b8f76254cc8e9628611991723e036/vscode.lock': Lock acquired.
2023-12-02 05:52:45.261 [info] ExtensionService#_doActivateExtension vscode.git-base, startup: true, activationEvent: '*'
2023-12-02 05:52:45.539 [info] ExtensionService#_doActivateExtension vscode.github, startup: true, activationEvent: '*'
2023-12-02 05:52:45.981 [info] Eager extensions activated
2023-12-02 05:52:45.981 [info] ExtensionService#_doActivateExtension vscode.debug-auto-launch, startup: false, activationEvent: 'onStartupFinished'
2023-12-02 05:52:45.982 [info] ExtensionService#_doActivateExtension vscode.merge-conflict, startup: false, activationEvent: 'onStartupFinished'
2023-12-02 05:53:00.395 [info] ExtensionService#_doActivateExtension vscode.git, startup: false, activationEvent: 'api', root cause: vscode.github
2023-12-02 05:54:13.122 [info] ExtensionService#_doActivateExtension vscode.npm, startup: false, activationEvent: 'onTerminalQuickFixRequest:ms-vscode.npm-command'
2023-12-02 06:39:03.002 [warning] [Decorations] CAPPING events from decorations provider vscode.git 10000
2023-12-02 06:39:10.432 [info] ExtensionService#_doActivateExtension vscode.emmet, startup: false, activationEvent: 'onLanguage'
2023-12-02 06:41:55.845 [warning] [Decorations] CAPPING events from decorations provider vscode.git 10018
2023-12-02 06:44:56.091 [warning] [Decorations] CAPPING events from decorations provider vscode.git 10000
2023-12-02 07:08:40.466 [error] Error: spawn git ENOENT
	at ChildProcess.<anonymous> (/home/ec2-user/.vscode-server/bin/1a5daa3a0231a0fbba4f14db7ec463cf99d7768e/extensions/git/dist/main.js:2:1276102)
	at ChildProcess.emit (node:events:513:28)
	at ChildProcess._handle.onexit (node:internal/child_process:289:12)
	at onErrorNT (node:internal/child_process:476:16)
	at process.processTicksAndRejections (node:internal/process/task_queues:82:21)
2023-12-02 11:56:06.446 [info] Extension host terminating: renderer disconnected for too long (1)
2023-12-02 11:56:06.446 [info] Lock '/home/ec2-user/.vscode-server/data/User/workspaceStorage/247b8f76254cc8e9628611991723e036/vscode.lock': Marking the lockfile as scheduled to be released in 6000 ms.
2023-12-02 11:56:06.475 [info] Extension host with pid 1330 exiting with code 0
