2023-11-30 05:29:55.570 [info] Log level: Info
2023-11-30 05:29:55.570 [info] Validating found git in: "git"
2023-11-30 05:29:55.570 [info] Using git "2.39.3" from "git"
2023-11-30 05:29:55.587 [info] > git rev-parse --show-toplevel [14ms]
2023-11-30 05:29:55.587 [info] fatal: not a git repository (or any of the parent directories): .git
2023-11-30 05:29:55.643 [info] > git rev-parse --show-toplevel [40ms]
2023-11-30 05:29:55.643 [info] fatal: not a git repository (or any of the parent directories): .git
2023-11-30 05:29:55.718 [info] > git rev-parse --show-toplevel [36ms]
2023-11-30 05:29:55.719 [info] fatal: not a git repository (or any of the parent directories): .git
2023-11-30 05:29:55.748 [info] > git rev-parse --show-toplevel [14ms]
2023-11-30 05:29:55.748 [info] fatal: not a git repository (or any of the parent directories): .git
2023-11-30 05:29:55.767 [info] > git rev-parse --show-toplevel [4ms]
2023-11-30 05:29:55.767 [info] fatal: not a git repository (or any of the parent directories): .git
2023-11-30 05:29:55.781 [info] > git rev-parse --show-toplevel [4ms]
2023-11-30 05:29:55.781 [info] fatal: not a git repository (or any of the parent directories): .git
2023-11-30 05:29:55.800 [info] > git rev-parse --show-toplevel [12ms]
2023-11-30 05:29:55.800 [info] fatal: not a git repository (or any of the parent directories): .git
2023-11-30 05:29:55.821 [info] > git rev-parse --show-toplevel [5ms]
2023-11-30 05:29:55.821 [info] fatal: not a git repository (or any of the parent directories): .git
2023-11-30 05:29:55.830 [info] > git rev-parse --show-toplevel [3ms]
2023-11-30 05:29:55.830 [info] fatal: not a git repository (or any of the parent directories): .git
2023-11-30 05:29:55.840 [info] > git rev-parse --show-toplevel [3ms]
2023-11-30 05:29:55.840 [info] fatal: not a git repository (or any of the parent directories): .git
2023-11-30 05:29:55.850 [info] > git rev-parse --show-toplevel [3ms]
2023-11-30 05:29:55.850 [info] fatal: not a git repository (or any of the parent directories): .git
2023-11-30 05:29:55.860 [info] > git rev-parse --show-toplevel [2ms]
2023-11-30 05:29:55.860 [info] fatal: not a git repository (or any of the parent directories): .git
