2023-12-01 14:37:29.511 [info] Log level: Info
2023-12-01 14:37:29.511 [info] Validating found git in: "git"
2023-12-01 14:37:29.511 [info] Using git "2.39.3" from "git"
2023-12-01 14:37:29.511 [info] > git rev-parse --show-toplevel [8ms]
2023-12-01 14:37:29.511 [info] fatal: not a git repository (or any of the parent directories): .git
2023-12-01 14:37:29.511 [info] > git rev-parse --show-toplevel [8ms]
2023-12-01 14:37:29.511 [info] fatal: not a git repository (or any of the parent directories): .git
2023-12-01 14:37:29.515 [info] > git rev-parse --show-toplevel [3ms]
2023-12-01 14:37:29.515 [info] fatal: not a git repository (or any of the parent directories): .git
2023-12-01 14:37:29.521 [info] > git rev-parse --show-toplevel [2ms]
2023-12-01 14:37:29.521 [info] fatal: not a git repository (or any of the parent directories): .git
2023-12-01 14:37:29.526 [info] > git rev-parse --show-toplevel [2ms]
2023-12-01 14:37:29.526 [info] fatal: not a git repository (or any of the parent directories): .git
2023-12-01 14:37:29.532 [info] > git rev-parse --show-toplevel [2ms]
2023-12-01 14:37:29.532 [info] fatal: not a git repository (or any of the parent directories): .git
2023-12-01 14:37:29.537 [info] > git rev-parse --show-toplevel [2ms]
2023-12-01 14:37:29.537 [info] fatal: not a git repository (or any of the parent directories): .git
2023-12-01 14:37:29.542 [info] > git rev-parse --show-toplevel [2ms]
2023-12-01 14:37:29.542 [info] fatal: not a git repository (or any of the parent directories): .git
2023-12-01 14:37:29.548 [info] > git rev-parse --show-toplevel [2ms]
2023-12-01 14:37:29.548 [info] fatal: not a git repository (or any of the parent directories): .git
2023-12-01 14:37:29.553 [info] > git rev-parse --show-toplevel [2ms]
2023-12-01 14:37:29.553 [info] fatal: not a git repository (or any of the parent directories): .git
2023-12-01 14:37:29.559 [info] > git rev-parse --show-toplevel [2ms]
2023-12-01 14:37:29.559 [info] fatal: not a git repository (or any of the parent directories): .git
2023-12-01 14:37:29.566 [info] > git rev-parse --show-toplevel [2ms]
2023-12-01 14:37:29.566 [info] fatal: not a git repository (or any of the parent directories): .git
2023-12-01 14:37:43.478 [info] > git rev-parse --show-toplevel [3ms]
2023-12-01 14:37:43.478 [info] fatal: not a git repository (or any of the parent directories): .git
