2023-12-10 14:04:41.195 [info] Extension host with pid 157815 started
2023-12-10 14:04:41.250 [info] Lock '/home/ec2-user/.vscode-server/data/User/workspaceStorage/93d372c77c1a62203340423197737eff/vscode.lock': Lock acquired.
2023-12-10 14:04:41.363 [info] ExtensionService#_doActivateExtension vscode.emmet, startup: false, activationEvent: 'onLanguage'
2023-12-10 14:04:41.628 [info] ExtensionService#_doActivateExtension vscode.git-base, startup: true, activationEvent: '*', root cause: vscode.git
2023-12-10 14:04:41.701 [info] ExtensionService#_doActivateExtension vscode.git, startup: true, activationEvent: '*'
2023-12-10 14:04:41.701 [info] ExtensionService#_doActivateExtension vscode.github, startup: true, activationEvent: '*'
2023-12-10 14:04:42.534 [info] Eager extensions activated
2023-12-10 14:04:42.535 [info] ExtensionService#_doActivateExtension vscode.debug-auto-launch, startup: false, activationEvent: 'onStartupFinished'
2023-12-10 14:04:42.536 [info] ExtensionService#_doActivateExtension vscode.merge-conflict, startup: false, activationEvent: 'onStartupFinished'
2023-12-10 14:04:42.888 [warning] [Decorations] CAPPING events from decorations provider vscode.git 867
2023-12-10 14:04:43.786 [warning] [Decorations] CAPPING events from decorations provider vscode.git 867
2023-12-10 14:05:13.408 [warning] [Decorations] CAPPING events from decorations provider vscode.git 893
2023-12-10 14:05:13.971 [warning] [Decorations] CAPPING events from decorations provider vscode.git 893
2023-12-10 14:05:18.543 [warning] [Decorations] CAPPING events from decorations provider vscode.git 893
2023-12-10 14:05:23.670 [warning] [Decorations] CAPPING events from decorations provider vscode.git 893
2023-12-10 14:05:28.809 [warning] [Decorations] CAPPING events from decorations provider vscode.git 893
2023-12-10 14:05:33.933 [warning] [Decorations] CAPPING events from decorations provider vscode.git 893
2023-12-10 14:05:39.066 [warning] [Decorations] CAPPING events from decorations provider vscode.git 893
2023-12-10 14:05:44.195 [warning] [Decorations] CAPPING events from decorations provider vscode.git 893
2023-12-10 14:05:49.321 [warning] [Decorations] CAPPING events from decorations provider vscode.git 893
2023-12-10 14:05:54.443 [warning] [Decorations] CAPPING events from decorations provider vscode.git 893
2023-12-10 14:06:01.916 [warning] [Decorations] CAPPING events from decorations provider vscode.git 893
2023-12-10 14:06:07.044 [warning] [Decorations] CAPPING events from decorations provider vscode.git 893
2023-12-10 14:06:12.159 [warning] [Decorations] CAPPING events from decorations provider vscode.git 893
2023-12-10 14:06:17.331 [warning] [Decorations] CAPPING events from decorations provider vscode.git 893
2023-12-10 14:06:22.453 [warning] [Decorations] CAPPING events from decorations provider vscode.git 893
2023-12-10 14:06:27.571 [warning] [Decorations] CAPPING events from decorations provider vscode.git 893
2023-12-10 14:06:32.691 [warning] [Decorations] CAPPING events from decorations provider vscode.git 893
2023-12-10 14:06:37.812 [warning] [Decorations] CAPPING events from decorations provider vscode.git 893
2023-12-10 14:06:42.929 [warning] [Decorations] CAPPING events from decorations provider vscode.git 893
2023-12-10 14:06:48.057 [warning] [Decorations] CAPPING events from decorations provider vscode.git 893
2023-12-10 14:06:53.172 [warning] [Decorations] CAPPING events from decorations provider vscode.git 893
2023-12-10 14:06:58.287 [warning] [Decorations] CAPPING events from decorations provider vscode.git 893
2023-12-10 14:07:00.410 [info] ExtensionService#_doActivateExtension vscode.npm, startup: false, activationEvent: 'onTerminalQuickFixRequest:ms-vscode.npm-command'
2023-12-10 14:07:03.408 [warning] [Decorations] CAPPING events from decorations provider vscode.git 893
2023-12-10 14:07:08.521 [warning] [Decorations] CAPPING events from decorations provider vscode.git 893
2023-12-10 14:07:13.649 [warning] [Decorations] CAPPING events from decorations provider vscode.git 893
2023-12-10 14:07:18.771 [warning] [Decorations] CAPPING events from decorations provider vscode.git 893
2023-12-10 14:07:23.886 [warning] [Decorations] CAPPING events from decorations provider vscode.git 893
2023-12-10 14:07:29.003 [warning] [Decorations] CAPPING events from decorations provider vscode.git 893
2023-12-10 14:07:34.127 [warning] [Decorations] CAPPING events from decorations provider vscode.git 893
2023-12-10 14:07:39.247 [warning] [Decorations] CAPPING events from decorations provider vscode.git 893
2023-12-10 14:07:44.366 [warning] [Decorations] CAPPING events from decorations provider vscode.git 893
2023-12-10 14:07:49.479 [warning] [Decorations] CAPPING events from decorations provider vscode.git 893
2023-12-10 14:07:54.596 [warning] [Decorations] CAPPING events from decorations provider vscode.git 893
2023-12-10 14:07:59.718 [warning] [Decorations] CAPPING events from decorations provider vscode.git 895
2023-12-10 14:08:04.837 [warning] [Decorations] CAPPING events from decorations provider vscode.git 895
2023-12-10 14:08:09.966 [warning] [Decorations] CAPPING events from decorations provider vscode.git 895
2023-12-10 14:08:14.642 [warning] [Decorations] CAPPING events from decorations provider vscode.git 895
2023-12-10 14:08:15.080 [warning] [Decorations] CAPPING events from decorations provider vscode.git 895
2023-12-10 14:08:20.201 [warning] [Decorations] CAPPING events from decorations provider vscode.git 895
2023-12-10 14:08:25.338 [warning] [Decorations] CAPPING events from decorations provider vscode.git 895
2023-12-10 14:08:30.456 [warning] [Decorations] CAPPING events from decorations provider vscode.git 895
2023-12-10 14:08:35.580 [warning] [Decorations] CAPPING events from decorations provider vscode.git 895
2023-12-10 14:08:40.702 [warning] [Decorations] CAPPING events from decorations provider vscode.git 895
2023-12-10 14:08:45.823 [warning] [Decorations] CAPPING events from decorations provider vscode.git 895
2023-12-10 14:08:50.943 [warning] [Decorations] CAPPING events from decorations provider vscode.git 895
2023-12-10 14:08:56.063 [warning] [Decorations] CAPPING events from decorations provider vscode.git 895
2023-12-10 14:09:01.187 [warning] [Decorations] CAPPING events from decorations provider vscode.git 895
2023-12-10 14:09:06.309 [warning] [Decorations] CAPPING events from decorations provider vscode.git 895
2023-12-10 14:09:11.432 [warning] [Decorations] CAPPING events from decorations provider vscode.git 895
2023-12-10 14:09:16.550 [warning] [Decorations] CAPPING events from decorations provider vscode.git 895
2023-12-10 14:09:21.669 [warning] [Decorations] CAPPING events from decorations provider vscode.git 895
2023-12-10 14:09:38.333 [warning] [Decorations] CAPPING events from decorations provider vscode.git 895
2023-12-10 14:09:43.463 [warning] [Decorations] CAPPING events from decorations provider vscode.git 895
2023-12-10 14:09:48.585 [warning] [Decorations] CAPPING events from decorations provider vscode.git 895
2023-12-10 14:09:53.702 [warning] [Decorations] CAPPING events from decorations provider vscode.git 895
2023-12-10 14:09:58.828 [warning] [Decorations] CAPPING events from decorations provider vscode.git 896
2023-12-10 14:10:03.947 [warning] [Decorations] CAPPING events from decorations provider vscode.git 896
2023-12-10 14:10:09.075 [warning] [Decorations] CAPPING events from decorations provider vscode.git 896
2023-12-10 14:10:14.197 [warning] [Decorations] CAPPING events from decorations provider vscode.git 896
2023-12-10 14:10:19.315 [warning] [Decorations] CAPPING events from decorations provider vscode.git 896
2023-12-10 14:10:24.439 [warning] [Decorations] CAPPING events from decorations provider vscode.git 896
2023-12-10 14:10:29.565 [warning] [Decorations] CAPPING events from decorations provider vscode.git 896
2023-12-10 14:10:34.684 [warning] [Decorations] CAPPING events from decorations provider vscode.git 896
2023-12-10 14:10:39.812 [warning] [Decorations] CAPPING events from decorations provider vscode.git 896
2023-12-10 14:10:44.935 [warning] [Decorations] CAPPING events from decorations provider vscode.git 896
2023-12-10 14:10:50.053 [warning] [Decorations] CAPPING events from decorations provider vscode.git 896
2023-12-10 14:10:55.185 [warning] [Decorations] CAPPING events from decorations provider vscode.git 896
2023-12-10 14:11:00.308 [warning] [Decorations] CAPPING events from decorations provider vscode.git 896
2023-12-10 14:11:18.075 [warning] [Decorations] CAPPING events from decorations provider vscode.git 896
2023-12-10 14:11:18.629 [warning] [Decorations] CAPPING events from decorations provider vscode.git 896
2023-12-10 14:11:40.980 [warning] [Decorations] CAPPING events from decorations provider vscode.git 896
2023-12-10 14:11:46.100 [warning] [Decorations] CAPPING events from decorations provider vscode.git 896
2023-12-10 14:11:51.230 [warning] [Decorations] CAPPING events from decorations provider vscode.git 896
