2023-12-10 14:04:42.594 [info] Log level: Info
2023-12-10 14:04:42.594 [info] Validating found git in: "git"
2023-12-10 14:04:42.594 [info] Using git "2.39.3" from "git"
2023-12-10 14:04:42.594 [info] > git rev-parse --show-toplevel [10ms]
2023-12-10 14:04:42.598 [info] > git rev-parse --git-dir --git-common-dir [4ms]
2023-12-10 14:04:42.617 [info] Open repository: /home/ec2-user
2023-12-10 14:04:42.635 [info] > git config --get commit.template [6ms]
2023-12-10 14:04:42.650 [info] > git rev-parse --show-toplevel [17ms]
2023-12-10 14:04:42.657 [info] > git for-each-ref --format=%(refname)%00%(upstream:short)%00%(objectname)%00%(upstream:track)%00%(upstream:remotename)%00%(upstream:remoteref) refs/heads/dev refs/remotes/dev [8ms]
2023-12-10 14:04:42.664 [info] > git rev-parse --show-toplevel [8ms]
2023-12-10 14:04:42.703 [info] > git rev-parse --show-toplevel [15ms]
2023-12-10 14:04:42.720 [info] > git rev-parse --show-toplevel [9ms]
2023-12-10 14:04:42.731 [info] > git rev-parse --show-toplevel [3ms]
2023-12-10 14:04:42.741 [info] > git rev-parse --show-toplevel [3ms]
2023-12-10 14:04:42.808 [info] > git status -z -uall [145ms]
2023-12-10 14:04:42.955 [info] > git rev-parse --show-toplevel [207ms]
2023-12-10 14:04:43.450 [info] > git config --get commit.template [29ms]
2023-12-10 14:04:43.553 [info] > git rev-parse --show-toplevel [120ms]
2023-12-10 14:04:43.566 [info] > git for-each-ref --format=%(refname)%00%(upstream:short)%00%(objectname)%00%(upstream:track)%00%(upstream:remotename)%00%(upstream:remoteref) refs/heads/dev refs/remotes/dev [32ms]
2023-12-10 14:04:43.581 [info] > git rev-parse --show-toplevel [16ms]
2023-12-10 14:04:43.643 [info] > git rev-parse --show-toplevel [35ms]
2023-12-10 14:04:43.685 [info] > git rev-parse --show-toplevel [24ms]
2023-12-10 14:04:43.705 [info] > git rev-parse --show-toplevel [9ms]
2023-12-10 14:04:43.735 [info] > git rev-parse --show-toplevel [19ms]
2023-12-10 14:04:43.755 [info] > git rev-parse --show-toplevel [4ms]
2023-12-10 14:04:43.762 [info] > git status -z -uall [185ms]
2023-12-10 14:04:43.793 [info] > git rev-parse --show-toplevel [32ms]
2023-12-10 14:04:44.121 [info] > git check-ignore -v -z --stdin [16ms]
2023-12-10 14:04:44.415 [info] > git show --textconv :QAF/qa1.sh [11ms]
2023-12-10 14:04:44.420 [info] > git ls-files --stage -- /home/ec2-user/QAF/qa1.sh [8ms]
2023-12-10 14:04:44.427 [info] > git cat-file -s e93e539387448455d61793f36a590d7817d21f39 [2ms]
2023-12-10 14:04:44.811 [info] > git check-ignore -v -z --stdin [19ms]
2023-12-10 14:05:13.224 [info] > git config --get commit.template [8ms]
2023-12-10 14:05:13.227 [info] > git for-each-ref --format=%(refname)%00%(upstream:short)%00%(objectname)%00%(upstream:track)%00%(upstream:remotename)%00%(upstream:remoteref) refs/heads/dev refs/remotes/dev [5ms]
2023-12-10 14:05:13.375 [info] > git status -z -uall [138ms]
2023-12-10 14:05:13.854 [info] > git fetch [651ms]
2023-12-10 14:05:13.865 [info] > git config --get commit.template [6ms]
2023-12-10 14:05:13.869 [info] > git for-each-ref --format=%(refname)%00%(upstream:short)%00%(objectname)%00%(upstream:track)%00%(upstream:remotename)%00%(upstream:remoteref) refs/heads/dev refs/remotes/dev [5ms]
2023-12-10 14:05:13.955 [info] > git status -z -uall [83ms]
2023-12-10 14:05:15.419 [info] > git ls-files --stage -- /home/ec2-user/QAF/qa1.sh [5ms]
2023-12-10 14:05:15.425 [info] > git cat-file -s e93e539387448455d61793f36a590d7817d21f39 [2ms]
2023-12-10 14:05:15.473 [info] > git show --textconv :QAF/qa1.sh [6ms]
2023-12-10 14:05:18.429 [info] > git config --get commit.template [7ms]
2023-12-10 14:05:18.431 [info] > git for-each-ref --format=%(refname)%00%(upstream:short)%00%(objectname)%00%(upstream:track)%00%(upstream:remotename)%00%(upstream:remoteref) refs/heads/dev refs/remotes/dev [4ms]
2023-12-10 14:05:18.523 [info] > git status -z -uall [87ms]
2023-12-10 14:05:23.560 [info] > git config --get commit.template [6ms]
2023-12-10 14:05:23.563 [info] > git for-each-ref --format=%(refname)%00%(upstream:short)%00%(objectname)%00%(upstream:track)%00%(upstream:remotename)%00%(upstream:remoteref) refs/heads/dev refs/remotes/dev [4ms]
2023-12-10 14:05:23.652 [info] > git status -z -uall [86ms]
2023-12-10 14:05:26.708 [info] > git ls-files --stage -- /home/ec2-user/QAF/qa1.sh [4ms]
2023-12-10 14:05:26.714 [info] > git cat-file -s e93e539387448455d61793f36a590d7817d21f39 [2ms]
2023-12-10 14:05:27.011 [info] > git show --textconv :QAF/qa1.sh [5ms]
2023-12-10 14:05:28.688 [info] > git config --get commit.template [8ms]
2023-12-10 14:05:28.695 [info] > git for-each-ref --format=%(refname)%00%(upstream:short)%00%(objectname)%00%(upstream:track)%00%(upstream:remotename)%00%(upstream:remoteref) refs/heads/dev refs/remotes/dev [8ms]
2023-12-10 14:05:28.784 [info] > git status -z -uall [85ms]
2023-12-10 14:05:33.829 [info] > git config --get commit.template [7ms]
2023-12-10 14:05:33.832 [info] > git for-each-ref --format=%(refname)%00%(upstream:short)%00%(objectname)%00%(upstream:track)%00%(upstream:remotename)%00%(upstream:remoteref) refs/heads/dev refs/remotes/dev [4ms]
2023-12-10 14:05:33.923 [info] > git status -z -uall [87ms]
2023-12-10 14:05:38.948 [info] > git config --get commit.template [6ms]
2023-12-10 14:05:38.956 [info] > git for-each-ref --format=%(refname)%00%(upstream:short)%00%(objectname)%00%(upstream:track)%00%(upstream:remotename)%00%(upstream:remoteref) refs/heads/dev refs/remotes/dev [9ms]
2023-12-10 14:05:39.053 [info] > git status -z -uall [88ms]
2023-12-10 14:05:44.084 [info] > git config --get commit.template [7ms]
2023-12-10 14:05:44.087 [info] > git for-each-ref --format=%(refname)%00%(upstream:short)%00%(objectname)%00%(upstream:track)%00%(upstream:remotename)%00%(upstream:remoteref) refs/heads/dev refs/remotes/dev [4ms]
2023-12-10 14:05:44.176 [info] > git status -z -uall [85ms]
2023-12-10 14:05:49.213 [info] > git config --get commit.template [7ms]
2023-12-10 14:05:49.216 [info] > git for-each-ref --format=%(refname)%00%(upstream:short)%00%(objectname)%00%(upstream:track)%00%(upstream:remotename)%00%(upstream:remoteref) refs/heads/dev refs/remotes/dev [5ms]
2023-12-10 14:05:49.310 [info] > git status -z -uall [91ms]
2023-12-10 14:05:54.340 [info] > git config --get commit.template [7ms]
2023-12-10 14:05:54.342 [info] > git for-each-ref --format=%(refname)%00%(upstream:short)%00%(objectname)%00%(upstream:track)%00%(upstream:remotename)%00%(upstream:remoteref) refs/heads/dev refs/remotes/dev [3ms]
2023-12-10 14:05:54.432 [info] > git status -z -uall [86ms]
2023-12-10 14:06:01.808 [info] > git config --get commit.template [15ms]
2023-12-10 14:06:01.813 [info] > git for-each-ref --format=%(refname)%00%(upstream:short)%00%(objectname)%00%(upstream:track)%00%(upstream:remotename)%00%(upstream:remoteref) refs/heads/dev refs/remotes/dev [9ms]
2023-12-10 14:06:01.905 [info] > git status -z -uall [87ms]
2023-12-10 14:06:06.933 [info] > git config --get commit.template [6ms]
2023-12-10 14:06:06.936 [info] > git for-each-ref --format=%(refname)%00%(upstream:short)%00%(objectname)%00%(upstream:track)%00%(upstream:remotename)%00%(upstream:remoteref) refs/heads/dev refs/remotes/dev [4ms]
2023-12-10 14:06:07.027 [info] > git status -z -uall [88ms]
2023-12-10 14:06:12.063 [info] > git config --get commit.template [7ms]
2023-12-10 14:06:12.065 [info] > git for-each-ref --format=%(refname)%00%(upstream:short)%00%(objectname)%00%(upstream:track)%00%(upstream:remotename)%00%(upstream:remoteref) refs/heads/dev refs/remotes/dev [3ms]
2023-12-10 14:06:12.150 [info] > git status -z -uall [81ms]
2023-12-10 14:06:17.180 [info] > git config --get commit.template [6ms]
2023-12-10 14:06:17.183 [info] > git for-each-ref --format=%(refname)%00%(upstream:short)%00%(objectname)%00%(upstream:track)%00%(upstream:remotename)%00%(upstream:remoteref) refs/heads/dev refs/remotes/dev [3ms]
2023-12-10 14:06:17.289 [info] > git status -z -uall [103ms]
2023-12-10 14:06:22.349 [info] > git config --get commit.template [6ms]
2023-12-10 14:06:22.352 [info] > git for-each-ref --format=%(refname)%00%(upstream:short)%00%(objectname)%00%(upstream:track)%00%(upstream:remotename)%00%(upstream:remoteref) refs/heads/dev refs/remotes/dev [4ms]
2023-12-10 14:06:22.444 [info] > git status -z -uall [87ms]
2023-12-10 14:06:27.468 [info] > git config --get commit.template [6ms]
2023-12-10 14:06:27.471 [info] > git for-each-ref --format=%(refname)%00%(upstream:short)%00%(objectname)%00%(upstream:track)%00%(upstream:remotename)%00%(upstream:remoteref) refs/heads/dev refs/remotes/dev [4ms]
2023-12-10 14:06:27.560 [info] > git status -z -uall [86ms]
2023-12-10 14:06:32.592 [info] > git config --get commit.template [6ms]
2023-12-10 14:06:32.595 [info] > git for-each-ref --format=%(refname)%00%(upstream:short)%00%(objectname)%00%(upstream:track)%00%(upstream:remotename)%00%(upstream:remoteref) refs/heads/dev refs/remotes/dev [4ms]
2023-12-10 14:06:32.680 [info] > git status -z -uall [82ms]
2023-12-10 14:06:37.708 [info] > git config --get commit.template [6ms]
2023-12-10 14:06:37.710 [info] > git for-each-ref --format=%(refname)%00%(upstream:short)%00%(objectname)%00%(upstream:track)%00%(upstream:remotename)%00%(upstream:remoteref) refs/heads/dev refs/remotes/dev [3ms]
2023-12-10 14:06:37.802 [info] > git status -z -uall [88ms]
2023-12-10 14:06:42.828 [info] > git config --get commit.template [7ms]
2023-12-10 14:06:42.831 [info] > git for-each-ref --format=%(refname)%00%(upstream:short)%00%(objectname)%00%(upstream:track)%00%(upstream:remotename)%00%(upstream:remoteref) refs/heads/dev refs/remotes/dev [4ms]
2023-12-10 14:06:42.919 [info] > git status -z -uall [84ms]
2023-12-10 14:06:47.948 [info] > git config --get commit.template [8ms]
2023-12-10 14:06:47.951 [info] > git for-each-ref --format=%(refname)%00%(upstream:short)%00%(objectname)%00%(upstream:track)%00%(upstream:remotename)%00%(upstream:remoteref) refs/heads/dev refs/remotes/dev [6ms]
2023-12-10 14:06:48.041 [info] > git status -z -uall [85ms]
2023-12-10 14:06:53.074 [info] > git config --get commit.template [9ms]
2023-12-10 14:06:53.077 [info] > git for-each-ref --format=%(refname)%00%(upstream:short)%00%(objectname)%00%(upstream:track)%00%(upstream:remotename)%00%(upstream:remoteref) refs/heads/dev refs/remotes/dev [7ms]
2023-12-10 14:06:53.162 [info] > git status -z -uall [82ms]
2023-12-10 14:06:58.188 [info] > git config --get commit.template [6ms]
2023-12-10 14:06:58.190 [info] > git for-each-ref --format=%(refname)%00%(upstream:short)%00%(objectname)%00%(upstream:track)%00%(upstream:remotename)%00%(upstream:remoteref) refs/heads/dev refs/remotes/dev [3ms]
2023-12-10 14:06:58.277 [info] > git status -z -uall [83ms]
2023-12-10 14:07:03.304 [info] > git config --get commit.template [6ms]
2023-12-10 14:07:03.306 [info] > git for-each-ref --format=%(refname)%00%(upstream:short)%00%(objectname)%00%(upstream:track)%00%(upstream:remotename)%00%(upstream:remoteref) refs/heads/dev refs/remotes/dev [3ms]
2023-12-10 14:07:03.395 [info] > git status -z -uall [85ms]
2023-12-10 14:07:08.424 [info] > git config --get commit.template [6ms]
2023-12-10 14:07:08.426 [info] > git for-each-ref --format=%(refname)%00%(upstream:short)%00%(objectname)%00%(upstream:track)%00%(upstream:remotename)%00%(upstream:remoteref) refs/heads/dev refs/remotes/dev [4ms]
2023-12-10 14:07:08.511 [info] > git status -z -uall [81ms]
2023-12-10 14:07:13.539 [info] > git config --get commit.template [9ms]
2023-12-10 14:07:13.542 [info] > git for-each-ref --format=%(refname)%00%(upstream:short)%00%(objectname)%00%(upstream:track)%00%(upstream:remotename)%00%(upstream:remoteref) refs/heads/dev refs/remotes/dev [4ms]
2023-12-10 14:07:13.632 [info] > git status -z -uall [86ms]
2023-12-10 14:07:18.666 [info] > git config --get commit.template [7ms]
2023-12-10 14:07:18.672 [info] > git for-each-ref --format=%(refname)%00%(upstream:short)%00%(objectname)%00%(upstream:track)%00%(upstream:remotename)%00%(upstream:remoteref) refs/heads/dev refs/remotes/dev [7ms]
2023-12-10 14:07:18.761 [info] > git status -z -uall [85ms]
2023-12-10 14:07:23.786 [info] > git config --get commit.template [6ms]
2023-12-10 14:07:23.789 [info] > git for-each-ref --format=%(refname)%00%(upstream:short)%00%(objectname)%00%(upstream:track)%00%(upstream:remotename)%00%(upstream:remoteref) refs/heads/dev refs/remotes/dev [4ms]
2023-12-10 14:07:23.876 [info] > git status -z -uall [84ms]
2023-12-10 14:07:28.905 [info] > git config --get commit.template [8ms]
2023-12-10 14:07:28.908 [info] > git for-each-ref --format=%(refname)%00%(upstream:short)%00%(objectname)%00%(upstream:track)%00%(upstream:remotename)%00%(upstream:remoteref) refs/heads/dev refs/remotes/dev [4ms]
2023-12-10 14:07:28.992 [info] > git status -z -uall [81ms]
2023-12-10 14:07:34.022 [info] > git config --get commit.template [7ms]
2023-12-10 14:07:34.025 [info] > git for-each-ref --format=%(refname)%00%(upstream:short)%00%(objectname)%00%(upstream:track)%00%(upstream:remotename)%00%(upstream:remoteref) refs/heads/dev refs/remotes/dev [3ms]
2023-12-10 14:07:34.114 [info] > git status -z -uall [85ms]
2023-12-10 14:07:39.142 [info] > git config --get commit.template [6ms]
2023-12-10 14:07:39.145 [info] > git for-each-ref --format=%(refname)%00%(upstream:short)%00%(objectname)%00%(upstream:track)%00%(upstream:remotename)%00%(upstream:remoteref) refs/heads/dev refs/remotes/dev [4ms]
2023-12-10 14:07:39.230 [info] > git status -z -uall [82ms]
2023-12-10 14:07:44.264 [info] > git config --get commit.template [6ms]
2023-12-10 14:07:44.266 [info] > git for-each-ref --format=%(refname)%00%(upstream:short)%00%(objectname)%00%(upstream:track)%00%(upstream:remotename)%00%(upstream:remoteref) refs/heads/dev refs/remotes/dev [3ms]
2023-12-10 14:07:44.357 [info] > git status -z -uall [87ms]
2023-12-10 14:07:49.382 [info] > git config --get commit.template [6ms]
2023-12-10 14:07:49.384 [info] > git for-each-ref --format=%(refname)%00%(upstream:short)%00%(objectname)%00%(upstream:track)%00%(upstream:remotename)%00%(upstream:remoteref) refs/heads/dev refs/remotes/dev [3ms]
2023-12-10 14:07:49.470 [info] > git status -z -uall [82ms]
2023-12-10 14:07:54.494 [info] > git config --get commit.template [7ms]
2023-12-10 14:07:54.497 [info] > git for-each-ref --format=%(refname)%00%(upstream:short)%00%(objectname)%00%(upstream:track)%00%(upstream:remotename)%00%(upstream:remoteref) refs/heads/dev refs/remotes/dev [3ms]
2023-12-10 14:07:54.585 [info] > git status -z -uall [85ms]
2023-12-10 14:07:59.429 [info] > git ls-files --stage -- /home/ec2-user/QAF/qa1.sh [5ms]
2023-12-10 14:07:59.484 [info] > git show --textconv :QAF/qa1.sh [5ms]
2023-12-10 14:07:59.580 [info] > git check-ignore -v -z --stdin [5ms]
2023-12-10 14:07:59.613 [info] > git config --get commit.template [7ms]
2023-12-10 14:07:59.615 [info] > git for-each-ref --format=%(refname)%00%(upstream:short)%00%(objectname)%00%(upstream:track)%00%(upstream:remotename)%00%(upstream:remoteref) refs/heads/test refs/remotes/test [3ms]
2023-12-10 14:07:59.702 [info] > git status -z -uall [83ms]
2023-12-10 14:08:04.734 [info] > git config --get commit.template [6ms]
2023-12-10 14:08:04.736 [info] > git for-each-ref --format=%(refname)%00%(upstream:short)%00%(objectname)%00%(upstream:track)%00%(upstream:remotename)%00%(upstream:remoteref) refs/heads/test refs/remotes/test [4ms]
2023-12-10 14:08:04.825 [info] > git status -z -uall [86ms]
2023-12-10 14:08:07.697 [info] > git show --textconv :date_log.txt [12ms]
2023-12-10 14:08:07.699 [info] > git ls-files --stage -- /home/ec2-user/date_log.txt [7ms]
2023-12-10 14:08:07.705 [info] > git cat-file -s e69de29bb2d1d6434b8b29ae775ad8c2e48c5391 [2ms]
2023-12-10 14:08:08.185 [info] > git check-ignore -v -z --stdin [8ms]
2023-12-10 14:08:09.855 [info] > git config --get commit.template [6ms]
2023-12-10 14:08:09.858 [info] > git for-each-ref --format=%(refname)%00%(upstream:short)%00%(objectname)%00%(upstream:track)%00%(upstream:remotename)%00%(upstream:remoteref) refs/heads/test refs/remotes/test [4ms]
2023-12-10 14:08:09.947 [info] > git status -z -uall [85ms]
2023-12-10 14:08:11.346 [info] > git show --textconv :QAF/qa1.sh [7ms]
2023-12-10 14:08:11.350 [info] > git ls-files --stage -- /home/ec2-user/QAF/qa1.sh [5ms]
2023-12-10 14:08:14.527 [info] > git fetch [538ms]
2023-12-10 14:08:14.538 [info] > git config --get commit.template [6ms]
2023-12-10 14:08:14.540 [info] > git for-each-ref --format=%(refname)%00%(upstream:short)%00%(objectname)%00%(upstream:track)%00%(upstream:remotename)%00%(upstream:remoteref) refs/heads/test refs/remotes/test [2ms]
2023-12-10 14:08:14.630 [info] > git status -z -uall [85ms]
2023-12-10 14:08:14.982 [info] > git config --get commit.template [7ms]
2023-12-10 14:08:14.984 [info] > git for-each-ref --format=%(refname)%00%(upstream:short)%00%(objectname)%00%(upstream:track)%00%(upstream:remotename)%00%(upstream:remoteref) refs/heads/test refs/remotes/test [3ms]
2023-12-10 14:08:15.070 [info] > git status -z -uall [82ms]
2023-12-10 14:08:15.813 [info] > git ls-files --stage -- /home/ec2-user/QAF/qa1.sh [5ms]
2023-12-10 14:08:15.874 [info] > git show --textconv :QAF/qa1.sh [6ms]
2023-12-10 14:08:20.099 [info] > git config --get commit.template [9ms]
2023-12-10 14:08:20.102 [info] > git for-each-ref --format=%(refname)%00%(upstream:short)%00%(objectname)%00%(upstream:track)%00%(upstream:remotename)%00%(upstream:remoteref) refs/heads/test refs/remotes/test [4ms]
2023-12-10 14:08:20.191 [info] > git status -z -uall [86ms]
2023-12-10 14:08:25.221 [info] > git config --get commit.template [8ms]
2023-12-10 14:08:25.225 [info] > git for-each-ref --format=%(refname)%00%(upstream:short)%00%(objectname)%00%(upstream:track)%00%(upstream:remotename)%00%(upstream:remoteref) refs/heads/test refs/remotes/test [7ms]
2023-12-10 14:08:25.321 [info] > git status -z -uall [91ms]
2023-12-10 14:08:30.354 [info] > git config --get commit.template [6ms]
2023-12-10 14:08:30.357 [info] > git for-each-ref --format=%(refname)%00%(upstream:short)%00%(objectname)%00%(upstream:track)%00%(upstream:remotename)%00%(upstream:remoteref) refs/heads/test refs/remotes/test [4ms]
2023-12-10 14:08:30.446 [info] > git status -z -uall [86ms]
2023-12-10 14:08:35.477 [info] > git config --get commit.template [7ms]
2023-12-10 14:08:35.480 [info] > git for-each-ref --format=%(refname)%00%(upstream:short)%00%(objectname)%00%(upstream:track)%00%(upstream:remotename)%00%(upstream:remoteref) refs/heads/test refs/remotes/test [4ms]
2023-12-10 14:08:35.569 [info] > git status -z -uall [86ms]
2023-12-10 14:08:40.601 [info] > git config --get commit.template [8ms]
2023-12-10 14:08:40.603 [info] > git for-each-ref --format=%(refname)%00%(upstream:short)%00%(objectname)%00%(upstream:track)%00%(upstream:remotename)%00%(upstream:remoteref) refs/heads/test refs/remotes/test [6ms]
2023-12-10 14:08:40.692 [info] > git status -z -uall [85ms]
2023-12-10 14:08:45.719 [info] > git config --get commit.template [7ms]
2023-12-10 14:08:45.722 [info] > git for-each-ref --format=%(refname)%00%(upstream:short)%00%(objectname)%00%(upstream:track)%00%(upstream:remotename)%00%(upstream:remoteref) refs/heads/test refs/remotes/test [4ms]
2023-12-10 14:08:45.813 [info] > git status -z -uall [88ms]
2023-12-10 14:08:50.841 [info] > git config --get commit.template [6ms]
2023-12-10 14:08:50.844 [info] > git for-each-ref --format=%(refname)%00%(upstream:short)%00%(objectname)%00%(upstream:track)%00%(upstream:remotename)%00%(upstream:remoteref) refs/heads/test refs/remotes/test [4ms]
2023-12-10 14:08:50.933 [info] > git status -z -uall [86ms]
2023-12-10 14:08:55.961 [info] > git config --get commit.template [8ms]
2023-12-10 14:08:55.964 [info] > git for-each-ref --format=%(refname)%00%(upstream:short)%00%(objectname)%00%(upstream:track)%00%(upstream:remotename)%00%(upstream:remoteref) refs/heads/test refs/remotes/test [4ms]
2023-12-10 14:08:56.053 [info] > git status -z -uall [86ms]
2023-12-10 14:09:01.079 [info] > git config --get commit.template [7ms]
2023-12-10 14:09:01.081 [info] > git for-each-ref --format=%(refname)%00%(upstream:short)%00%(objectname)%00%(upstream:track)%00%(upstream:remotename)%00%(upstream:remoteref) refs/heads/test refs/remotes/test [3ms]
2023-12-10 14:09:01.169 [info] > git status -z -uall [84ms]
2023-12-10 14:09:06.207 [info] > git config --get commit.template [6ms]
2023-12-10 14:09:06.210 [info] > git for-each-ref --format=%(refname)%00%(upstream:short)%00%(objectname)%00%(upstream:track)%00%(upstream:remotename)%00%(upstream:remoteref) refs/heads/test refs/remotes/test [4ms]
2023-12-10 14:09:06.299 [info] > git status -z -uall [86ms]
2023-12-10 14:09:11.328 [info] > git config --get commit.template [9ms]
2023-12-10 14:09:11.331 [info] > git for-each-ref --format=%(refname)%00%(upstream:short)%00%(objectname)%00%(upstream:track)%00%(upstream:remotename)%00%(upstream:remoteref) refs/heads/test refs/remotes/test [6ms]
2023-12-10 14:09:11.422 [info] > git status -z -uall [87ms]
2023-12-10 14:09:16.448 [info] > git config --get commit.template [6ms]
2023-12-10 14:09:16.450 [info] > git for-each-ref --format=%(refname)%00%(upstream:short)%00%(objectname)%00%(upstream:track)%00%(upstream:remotename)%00%(upstream:remoteref) refs/heads/test refs/remotes/test [4ms]
2023-12-10 14:09:16.540 [info] > git status -z -uall [86ms]
2023-12-10 14:09:21.567 [info] > git config --get commit.template [7ms]
2023-12-10 14:09:21.570 [info] > git for-each-ref --format=%(refname)%00%(upstream:short)%00%(objectname)%00%(upstream:track)%00%(upstream:remotename)%00%(upstream:remoteref) refs/heads/test refs/remotes/test [4ms]
2023-12-10 14:09:21.659 [info] > git status -z -uall [86ms]
2023-12-10 14:09:38.222 [info] > git config --get commit.template [6ms]
2023-12-10 14:09:38.225 [info] > git for-each-ref --format=%(refname)%00%(upstream:short)%00%(objectname)%00%(upstream:track)%00%(upstream:remotename)%00%(upstream:remoteref) refs/heads/test refs/remotes/test [3ms]
2023-12-10 14:09:38.320 [info] > git status -z -uall [92ms]
2023-12-10 14:09:43.351 [info] > git config --get commit.template [6ms]
2023-12-10 14:09:43.353 [info] > git for-each-ref --format=%(refname)%00%(upstream:short)%00%(objectname)%00%(upstream:track)%00%(upstream:remotename)%00%(upstream:remoteref) refs/heads/test refs/remotes/test [3ms]
2023-12-10 14:09:43.446 [info] > git status -z -uall [86ms]
2023-12-10 14:09:48.481 [info] > git config --get commit.template [6ms]
2023-12-10 14:09:48.483 [info] > git for-each-ref --format=%(refname)%00%(upstream:short)%00%(objectname)%00%(upstream:track)%00%(upstream:remotename)%00%(upstream:remoteref) refs/heads/test refs/remotes/test [3ms]
2023-12-10 14:09:48.575 [info] > git status -z -uall [88ms]
2023-12-10 14:09:53.601 [info] > git config --get commit.template [7ms]
2023-12-10 14:09:53.604 [info] > git for-each-ref --format=%(refname)%00%(upstream:short)%00%(objectname)%00%(upstream:track)%00%(upstream:remotename)%00%(upstream:remoteref) refs/heads/test refs/remotes/test [3ms]
2023-12-10 14:09:53.691 [info] > git status -z -uall [84ms]
2023-12-10 14:09:56.092 [info] > git check-ignore -v -z --stdin [5ms]
2023-12-10 14:09:58.722 [info] > git config --get commit.template [9ms]
2023-12-10 14:09:58.725 [info] > git for-each-ref --format=%(refname)%00%(upstream:short)%00%(objectname)%00%(upstream:track)%00%(upstream:remotename)%00%(upstream:remoteref) refs/heads/test refs/remotes/test [5ms]
2023-12-10 14:09:58.818 [info] > git status -z -uall [90ms]
2023-12-10 14:10:03.844 [info] > git config --get commit.template [7ms]
2023-12-10 14:10:03.846 [info] > git for-each-ref --format=%(refname)%00%(upstream:short)%00%(objectname)%00%(upstream:track)%00%(upstream:remotename)%00%(upstream:remoteref) refs/heads/test refs/remotes/test [3ms]
2023-12-10 14:10:03.937 [info] > git status -z -uall [87ms]
2023-12-10 14:10:08.966 [info] > git config --get commit.template [7ms]
2023-12-10 14:10:08.969 [info] > git for-each-ref --format=%(refname)%00%(upstream:short)%00%(objectname)%00%(upstream:track)%00%(upstream:remotename)%00%(upstream:remoteref) refs/heads/test refs/remotes/test [4ms]
2023-12-10 14:10:09.057 [info] > git status -z -uall [85ms]
2023-12-10 14:10:14.095 [info] > git config --get commit.template [9ms]
2023-12-10 14:10:14.098 [info] > git for-each-ref --format=%(refname)%00%(upstream:short)%00%(objectname)%00%(upstream:track)%00%(upstream:remotename)%00%(upstream:remoteref) refs/heads/test refs/remotes/test [6ms]
2023-12-10 14:10:14.187 [info] > git status -z -uall [86ms]
2023-12-10 14:10:16.761 [info] > git show --textconv :date_log.txt [9ms]
2023-12-10 14:10:16.767 [info] > git ls-files --stage -- /home/ec2-user/date_log.txt [6ms]
2023-12-10 14:10:16.775 [info] > git cat-file -s e69de29bb2d1d6434b8b29ae775ad8c2e48c5391 [3ms]
2023-12-10 14:10:17.106 [info] > git check-ignore -v -z --stdin [5ms]
2023-12-10 14:10:19.213 [info] > git config --get commit.template [7ms]
2023-12-10 14:10:19.215 [info] > git for-each-ref --format=%(refname)%00%(upstream:short)%00%(objectname)%00%(upstream:track)%00%(upstream:remotename)%00%(upstream:remoteref) refs/heads/test refs/remotes/test [3ms]
2023-12-10 14:10:19.305 [info] > git status -z -uall [86ms]
2023-12-10 14:10:24.333 [info] > git config --get commit.template [6ms]
2023-12-10 14:10:24.335 [info] > git for-each-ref --format=%(refname)%00%(upstream:short)%00%(objectname)%00%(upstream:track)%00%(upstream:remotename)%00%(upstream:remoteref) refs/heads/test refs/remotes/test [4ms]
2023-12-10 14:10:24.425 [info] > git status -z -uall [86ms]
2023-12-10 14:10:29.461 [info] > git config --get commit.template [6ms]
2023-12-10 14:10:29.465 [info] > git for-each-ref --format=%(refname)%00%(upstream:short)%00%(objectname)%00%(upstream:track)%00%(upstream:remotename)%00%(upstream:remoteref) refs/heads/test refs/remotes/test [5ms]
2023-12-10 14:10:29.555 [info] > git status -z -uall [86ms]
2023-12-10 14:10:34.581 [info] > git config --get commit.template [6ms]
2023-12-10 14:10:34.583 [info] > git for-each-ref --format=%(refname)%00%(upstream:short)%00%(objectname)%00%(upstream:track)%00%(upstream:remotename)%00%(upstream:remoteref) refs/heads/test refs/remotes/test [3ms]
2023-12-10 14:10:34.674 [info] > git status -z -uall [87ms]
2023-12-10 14:10:39.704 [info] > git config --get commit.template [6ms]
2023-12-10 14:10:39.707 [info] > git for-each-ref --format=%(refname)%00%(upstream:short)%00%(objectname)%00%(upstream:track)%00%(upstream:remotename)%00%(upstream:remoteref) refs/heads/test refs/remotes/test [3ms]
2023-12-10 14:10:39.795 [info] > git status -z -uall [85ms]
2023-12-10 14:10:44.829 [info] > git config --get commit.template [7ms]
2023-12-10 14:10:44.832 [info] > git for-each-ref --format=%(refname)%00%(upstream:short)%00%(objectname)%00%(upstream:track)%00%(upstream:remotename)%00%(upstream:remoteref) refs/heads/test refs/remotes/test [3ms]
2023-12-10 14:10:44.925 [info] > git status -z -uall [85ms]
2023-12-10 14:10:49.951 [info] > git config --get commit.template [7ms]
2023-12-10 14:10:49.954 [info] > git for-each-ref --format=%(refname)%00%(upstream:short)%00%(objectname)%00%(upstream:track)%00%(upstream:remotename)%00%(upstream:remoteref) refs/heads/test refs/remotes/test [4ms]
2023-12-10 14:10:50.043 [info] > git status -z -uall [86ms]
2023-12-10 14:10:55.074 [info] > git config --get commit.template [9ms]
2023-12-10 14:10:55.077 [info] > git for-each-ref --format=%(refname)%00%(upstream:short)%00%(objectname)%00%(upstream:track)%00%(upstream:remotename)%00%(upstream:remoteref) refs/heads/test refs/remotes/test [4ms]
2023-12-10 14:10:55.175 [info] > git status -z -uall [88ms]
2023-12-10 14:11:00.205 [info] > git config --get commit.template [9ms]
2023-12-10 14:11:00.207 [info] > git for-each-ref --format=%(refname)%00%(upstream:short)%00%(objectname)%00%(upstream:track)%00%(upstream:remotename)%00%(upstream:remoteref) refs/heads/test refs/remotes/test [3ms]
2023-12-10 14:11:00.298 [info] > git status -z -uall [86ms]
2023-12-10 14:11:17.909 [info] > git config --get commit.template [8ms]
2023-12-10 14:11:17.912 [info] > git for-each-ref --format=%(refname)%00%(upstream:short)%00%(objectname)%00%(upstream:track)%00%(upstream:remotename)%00%(upstream:remoteref) refs/heads/test refs/remotes/test [4ms]
2023-12-10 14:11:18.055 [info] > git status -z -uall [136ms]
2023-12-10 14:11:18.519 [info] > git fetch [627ms]
2023-12-10 14:11:18.530 [info] > git config --get commit.template [6ms]
2023-12-10 14:11:18.532 [info] > git for-each-ref --format=%(refname)%00%(upstream:short)%00%(objectname)%00%(upstream:track)%00%(upstream:remotename)%00%(upstream:remoteref) refs/heads/test refs/remotes/test [3ms]
2023-12-10 14:11:18.619 [info] > git status -z -uall [84ms]
2023-12-10 14:11:40.875 [info] > git config --get commit.template [6ms]
2023-12-10 14:11:40.877 [info] > git for-each-ref --format=%(refname)%00%(upstream:short)%00%(objectname)%00%(upstream:track)%00%(upstream:remotename)%00%(upstream:remoteref) refs/heads/test refs/remotes/test [3ms]
2023-12-10 14:11:40.968 [info] > git status -z -uall [85ms]
2023-12-10 14:11:45.996 [info] > git config --get commit.template [6ms]
2023-12-10 14:11:45.999 [info] > git for-each-ref --format=%(refname)%00%(upstream:short)%00%(objectname)%00%(upstream:track)%00%(upstream:remotename)%00%(upstream:remoteref) refs/heads/test refs/remotes/test [4ms]
2023-12-10 14:11:46.089 [info] > git status -z -uall [86ms]
2023-12-10 14:11:51.119 [info] > git config --get commit.template [9ms]
2023-12-10 14:11:51.122 [info] > git for-each-ref --format=%(refname)%00%(upstream:short)%00%(objectname)%00%(upstream:track)%00%(upstream:remotename)%00%(upstream:remoteref) refs/heads/test refs/remotes/test [4ms]
2023-12-10 14:11:51.213 [info] > git status -z -uall [88ms]
