2023-11-28 09:21:59.701 [info] Log level: Info
2023-11-28 09:21:59.701 [info] Validating found git in: "git"
2023-11-28 09:21:59.702 [info] Using git "2.39.3" from "git"
2023-11-28 09:21:59.702 [info] > git rev-parse --show-toplevel [7ms]
2023-11-28 09:21:59.702 [info] fatal: not a git repository (or any of the parent directories): .git
2023-11-28 09:21:59.702 [info] > git rev-parse --show-toplevel [3ms]
2023-11-28 09:21:59.703 [info] fatal: not a git repository (or any of the parent directories): .git
2023-11-28 09:21:59.703 [info] > git rev-parse --show-toplevel [2ms]
2023-11-28 09:21:59.703 [info] fatal: not a git repository (or any of the parent directories): .git
2023-11-28 09:21:59.704 [info] > git rev-parse --show-toplevel [2ms]
2023-11-28 09:21:59.704 [info] fatal: not a git repository (or any of the parent directories): .git
2023-11-28 09:21:59.704 [info] > git rev-parse --show-toplevel [2ms]
2023-11-28 09:21:59.704 [info] fatal: not a git repository (or any of the parent directories): .git
2023-11-28 09:21:59.705 [info] > git rev-parse --show-toplevel [2ms]
2023-11-28 09:21:59.705 [info] fatal: not a git repository (or any of the parent directories): .git
2023-11-28 09:21:59.705 [info] > git rev-parse --show-toplevel [2ms]
2023-11-28 09:21:59.705 [info] fatal: not a git repository (or any of the parent directories): .git
2023-11-28 09:21:59.706 [info] > git rev-parse --show-toplevel [2ms]
2023-11-28 09:21:59.706 [info] fatal: not a git repository (or any of the parent directories): .git
2023-11-28 09:21:59.706 [info] > git rev-parse --show-toplevel [2ms]
2023-11-28 09:21:59.707 [info] fatal: not a git repository (or any of the parent directories): .git
2023-11-28 09:21:59.707 [info] > git rev-parse --show-toplevel [2ms]
2023-11-28 09:21:59.707 [info] fatal: not a git repository (or any of the parent directories): .git
2023-11-28 09:21:59.707 [info] > git rev-parse --show-toplevel [2ms]
2023-11-28 09:21:59.708 [info] fatal: not a git repository (or any of the parent directories): .git
2023-11-28 09:21:59.708 [info] > git rev-parse --show-toplevel [3ms]
2023-11-28 09:21:59.708 [info] fatal: not a git repository (or any of the parent directories): .git
2023-11-28 09:21:59.708 [info] > git rev-parse --show-toplevel [2ms]
2023-11-28 09:21:59.708 [info] fatal: not a git repository (or any of the parent directories): .git
2023-11-28 10:33:25.022 [info] > git rev-parse --show-toplevel [2ms]
2023-11-28 10:33:25.022 [info] fatal: not a git repository (or any of the parent directories): .git
2023-11-28 10:40:40.348 [info] > git rev-parse --show-toplevel [3ms]
2023-11-28 10:40:40.349 [info] fatal: not a git repository (or any of the parent directories): .git
2023-11-28 10:40:48.450 [info] > git rev-parse --show-toplevel [3ms]
2023-11-28 10:40:48.450 [info] fatal: not a git repository (or any of the parent directories): .git
2023-11-28 12:04:25.114 [info] > git rev-parse --show-toplevel [2ms]
2023-11-28 12:04:25.114 [info] fatal: not a git repository (or any of the parent directories): .git
2023-11-28 12:04:55.598 [info] > git rev-parse --show-toplevel [2ms]
2023-11-28 12:04:55.598 [info] fatal: not a git repository (or any of the parent directories): .git
