2023-11-30 14:00:20.687 [info] Log level: Info
2023-11-30 14:00:20.687 [info] Validating found git in: "git"
2023-11-30 14:00:20.687 [info] Using git "2.39.3" from "git"
2023-11-30 14:00:20.687 [info] > git rev-parse --show-toplevel [6ms]
2023-11-30 14:00:20.687 [info] fatal: not a git repository (or any of the parent directories): .git
2023-11-30 14:00:20.687 [info] > git rev-parse --show-toplevel [3ms]
2023-11-30 14:00:20.687 [info] fatal: not a git repository (or any of the parent directories): .git
2023-11-30 14:00:20.687 [info] > git rev-parse --show-toplevel [3ms]
2023-11-30 14:00:20.687 [info] fatal: not a git repository (or any of the parent directories): .git
2023-11-30 14:00:20.687 [info] > git rev-parse --show-toplevel [10ms]
2023-11-30 14:00:20.687 [info] fatal: not a git repository (or any of the parent directories): .git
2023-11-30 14:00:20.687 [info] > git rev-parse --show-toplevel [26ms]
2023-11-30 14:00:20.687 [info] fatal: not a git repository (or any of the parent directories): .git
2023-11-30 14:00:20.687 [info] > git rev-parse --show-toplevel [3ms]
2023-11-30 14:00:20.687 [info] fatal: not a git repository (or any of the parent directories): .git
2023-11-30 14:00:20.687 [info] > git rev-parse --show-toplevel [2ms]
2023-11-30 14:00:20.687 [info] fatal: not a git repository (or any of the parent directories): .git
2023-11-30 14:00:20.687 [info] > git rev-parse --show-toplevel [7ms]
2023-11-30 14:00:20.687 [info] fatal: not a git repository (or any of the parent directories): .git
2023-11-30 14:00:20.687 [info] > git rev-parse --show-toplevel [13ms]
2023-11-30 14:00:20.687 [info] fatal: not a git repository (or any of the parent directories): .git
2023-11-30 14:00:20.687 [info] > git rev-parse --show-toplevel [15ms]
2023-11-30 14:00:20.687 [info] fatal: not a git repository (or any of the parent directories): .git
2023-11-30 14:00:20.687 [info] > git rev-parse --show-toplevel [41ms]
2023-11-30 14:00:20.687 [info] fatal: not a git repository (or any of the parent directories): .git
2023-11-30 14:00:20.697 [info] > git rev-parse --show-toplevel [14ms]
2023-11-30 14:00:20.697 [info] fatal: not a git repository (or any of the parent directories): .git
2023-11-30 14:00:20.710 [info] > git rev-parse --show-toplevel [4ms]
2023-11-30 14:00:20.710 [info] fatal: not a git repository (or any of the parent directories): .git
2023-11-30 14:00:20.717 [info] > git rev-parse --show-toplevel [3ms]
2023-11-30 14:00:20.717 [info] fatal: not a git repository (or any of the parent directories): .git
2023-11-30 14:00:20.723 [info] > git rev-parse --show-toplevel [3ms]
2023-11-30 14:00:20.723 [info] fatal: not a git repository (or any of the parent directories): .git
2023-11-30 14:00:20.728 [info] > git rev-parse --show-toplevel [2ms]
2023-11-30 14:00:20.728 [info] fatal: not a git repository (or any of the parent directories): .git
2023-11-30 14:00:52.165 [info] > git rev-parse --show-toplevel [3ms]
2023-11-30 14:00:52.165 [info] fatal: not a git repository (or any of the parent directories): .git
2023-11-30 14:13:13.954 [info] > git rev-parse --show-toplevel [25ms]
2023-11-30 14:13:13.956 [info] fatal: not a git repository (or any of the parent directories): .git
2023-11-30 14:13:15.349 [info] > git rev-parse --show-toplevel [2ms]
2023-11-30 14:13:15.349 [info] fatal: not a git repository (or any of the parent directories): .git
2023-11-30 14:44:20.600 [info] > git rev-parse --show-toplevel [2ms]
2023-11-30 14:44:20.600 [info] fatal: not a git repository (or any of the parent directories): .git
2023-11-30 14:44:21.498 [info] > git rev-parse --show-toplevel [3ms]
2023-11-30 14:44:21.499 [info] fatal: not a git repository (or any of the parent directories): .git
2023-11-30 14:46:57.309 [info] > git rev-parse --show-toplevel [2ms]
2023-11-30 14:46:57.309 [info] fatal: not a git repository (or any of the parent directories): .git
2023-11-30 14:46:58.068 [info] > git rev-parse --show-toplevel [3ms]
2023-11-30 14:46:58.068 [info] fatal: not a git repository (or any of the parent directories): .git
2023-11-30 14:46:58.566 [info] > git rev-parse --show-toplevel [2ms]
2023-11-30 14:46:58.566 [info] fatal: not a git repository (or any of the parent directories): .git
2023-11-30 14:46:59.983 [info] > git rev-parse --show-toplevel [2ms]
2023-11-30 14:46:59.983 [info] fatal: not a git repository (or any of the parent directories): .git
2023-11-30 16:41:00.537 [info] > git rev-parse --show-toplevel [7ms]
2023-11-30 16:41:00.539 [info] fatal: not a git repository (or any of the parent directories): .git
2023-11-30 16:48:00.827 [info] > git rev-parse --show-toplevel [6ms]
2023-11-30 16:48:00.828 [info] fatal: not a git repository (or any of the parent directories): .git
2023-11-30 16:48:17.297 [info] > git rev-parse --show-toplevel [3ms]
2023-11-30 16:48:17.298 [info] fatal: not a git repository (or any of the parent directories): .git
2023-11-30 16:48:40.309 [info] > git rev-parse --show-toplevel [4ms]
2023-11-30 16:48:40.309 [info] fatal: not a git repository (or any of the parent directories): .git
