2023-11-29 04:49:08.121 [info] Log level: Info
2023-11-29 04:49:08.121 [info] Validating found git in: "git"
2023-11-29 04:49:08.121 [info] Using git "2.39.3" from "git"
2023-11-29 04:49:08.121 [info] > git rev-parse --show-toplevel [4ms]
2023-11-29 04:49:08.121 [info] fatal: not a git repository (or any of the parent directories): .git
2023-11-29 04:49:08.121 [info] > git rev-parse --show-toplevel [5ms]
2023-11-29 04:49:08.121 [info] fatal: not a git repository (or any of the parent directories): .git
2023-11-29 04:49:08.121 [info] > git rev-parse --show-toplevel [8ms]
2023-11-29 04:49:08.121 [info] fatal: not a git repository (or any of the parent directories): .git
2023-11-29 04:49:08.124 [info] > git rev-parse --show-toplevel [4ms]
2023-11-29 04:49:08.124 [info] fatal: not a git repository (or any of the parent directories): .git
2023-11-29 04:49:08.140 [info] > git rev-parse --show-toplevel [10ms]
2023-11-29 04:49:08.140 [info] fatal: not a git repository (or any of the parent directories): .git
2023-11-29 04:49:08.274 [info] > git rev-parse --show-toplevel [125ms]
2023-11-29 04:49:08.275 [info] fatal: not a git repository (or any of the parent directories): .git
2023-11-29 04:49:08.295 [info] > git rev-parse --show-toplevel [11ms]
2023-11-29 04:49:08.296 [info] fatal: not a git repository (or any of the parent directories): .git
2023-11-29 04:49:08.324 [info] > git rev-parse --show-toplevel [13ms]
2023-11-29 04:49:08.324 [info] fatal: not a git repository (or any of the parent directories): .git
2023-11-29 04:49:08.354 [info] > git rev-parse --show-toplevel [13ms]
2023-11-29 04:49:08.354 [info] fatal: not a git repository (or any of the parent directories): .git
2023-11-29 04:49:08.373 [info] > git rev-parse --show-toplevel [7ms]
2023-11-29 04:49:08.373 [info] fatal: not a git repository (or any of the parent directories): .git
2023-11-29 04:49:08.385 [info] > git rev-parse --show-toplevel [4ms]
2023-11-29 04:49:08.385 [info] fatal: not a git repository (or any of the parent directories): .git
2023-11-29 04:49:08.404 [info] > git rev-parse --show-toplevel [4ms]
2023-11-29 04:49:08.405 [info] fatal: not a git repository (or any of the parent directories): .git
2023-11-29 04:49:08.416 [info] > git rev-parse --show-toplevel [2ms]
2023-11-29 04:49:08.416 [info] fatal: not a git repository (or any of the parent directories): .git
2023-11-29 06:08:09.051 [info] > git rev-parse --show-toplevel [3ms]
2023-11-29 06:08:09.052 [info] fatal: not a git repository (or any of the parent directories): .git
