2023-11-27 13:23:19.140 [info] Log level: Info
2023-11-27 13:23:19.141 [info] Validating found git in: "git"
2023-11-27 13:23:19.141 [info] Using git "2.39.3" from "git"
2023-11-27 13:23:19.141 [info] > git rev-parse --show-toplevel [15ms]
2023-11-27 13:23:19.141 [info] fatal: not a git repository (or any of the parent directories): .git
2023-11-27 13:23:19.141 [info] > git rev-parse --show-toplevel [6ms]
2023-11-27 13:23:19.142 [info] fatal: not a git repository (or any of the parent directories): .git
2023-11-27 13:23:19.142 [info] > git rev-parse --show-toplevel [2ms]
2023-11-27 13:23:19.142 [info] fatal: not a git repository (or any of the parent directories): .git
2023-11-27 13:23:19.142 [info] > git rev-parse --show-toplevel [2ms]
2023-11-27 13:23:19.143 [info] fatal: not a git repository (or any of the parent directories): .git
2023-11-27 13:23:19.143 [info] > git rev-parse --show-toplevel [2ms]
2023-11-27 13:23:19.143 [info] fatal: not a git repository (or any of the parent directories): .git
2023-11-27 13:23:19.143 [info] > git rev-parse --show-toplevel [2ms]
2023-11-27 13:23:19.144 [info] fatal: not a git repository (or any of the parent directories): .git
2023-11-27 13:23:19.144 [info] > git rev-parse --show-toplevel [2ms]
2023-11-27 13:23:19.144 [info] fatal: not a git repository (or any of the parent directories): .git
2023-11-27 13:23:19.144 [info] > git rev-parse --show-toplevel [2ms]
2023-11-27 13:23:19.145 [info] fatal: not a git repository (or any of the parent directories): .git
2023-11-27 13:23:19.145 [info] > git rev-parse --show-toplevel [2ms]
2023-11-27 13:23:19.145 [info] fatal: not a git repository (or any of the parent directories): .git
2023-11-27 13:23:19.145 [info] > git rev-parse --show-toplevel [2ms]
2023-11-27 13:23:19.146 [info] fatal: not a git repository (or any of the parent directories): .git
2023-11-27 13:23:19.146 [info] > git rev-parse --show-toplevel [2ms]
2023-11-27 13:23:19.146 [info] fatal: not a git repository (or any of the parent directories): .git
2023-11-27 13:23:19.146 [info] > git rev-parse --show-toplevel [2ms]
2023-11-27 13:23:19.146 [info] fatal: not a git repository (or any of the parent directories): .git
2023-11-27 13:23:19.146 [info] > git rev-parse --show-toplevel [2ms]
2023-11-27 13:23:19.146 [info] fatal: not a git repository (or any of the parent directories): .git
2023-11-27 13:23:36.146 [info] > git rev-parse --show-toplevel [3ms]
2023-11-27 13:23:36.147 [info] fatal: not a git repository (or any of the parent directories): .git
2023-11-27 13:23:57.709 [info] > git rev-parse --show-toplevel [3ms]
2023-11-27 13:23:57.709 [info] fatal: not a git repository (or any of the parent directories): .git
