2023-11-29 11:10:30.757 [info] Log level: Info
2023-11-29 11:10:30.757 [info] Validating found git in: "git"
2023-11-29 11:10:30.757 [info] Using git "2.39.3" from "git"
2023-11-29 11:10:30.757 [info] > git rev-parse --show-toplevel [6ms]
2023-11-29 11:10:30.757 [info] fatal: not a git repository (or any of the parent directories): .git
2023-11-29 11:10:30.757 [info] > git rev-parse --show-toplevel [8ms]
2023-11-29 11:10:30.757 [info] fatal: not a git repository (or any of the parent directories): .git
2023-11-29 11:10:30.757 [info] > git rev-parse --show-toplevel [2ms]
2023-11-29 11:10:30.757 [info] fatal: not a git repository (or any of the parent directories): .git
2023-11-29 11:10:30.757 [info] > git rev-parse --show-toplevel [3ms]
2023-11-29 11:10:30.757 [info] fatal: not a git repository (or any of the parent directories): .git
2023-11-29 11:10:30.757 [info] > git rev-parse --show-toplevel [3ms]
2023-11-29 11:10:30.757 [info] fatal: not a git repository (or any of the parent directories): .git
2023-11-29 11:10:30.757 [info] > git rev-parse --show-toplevel [8ms]
2023-11-29 11:10:30.757 [info] fatal: not a git repository (or any of the parent directories): .git
2023-11-29 11:10:30.760 [info] > git rev-parse --show-toplevel [3ms]
2023-11-29 11:10:30.760 [info] fatal: not a git repository (or any of the parent directories): .git
2023-11-29 11:10:30.765 [info] > git rev-parse --show-toplevel [2ms]
2023-11-29 11:10:30.765 [info] fatal: not a git repository (or any of the parent directories): .git
2023-11-29 11:10:30.771 [info] > git rev-parse --show-toplevel [2ms]
2023-11-29 11:10:30.771 [info] fatal: not a git repository (or any of the parent directories): .git
2023-11-29 11:10:30.776 [info] > git rev-parse --show-toplevel [2ms]
2023-11-29 11:10:30.776 [info] fatal: not a git repository (or any of the parent directories): .git
2023-11-29 11:10:30.781 [info] > git rev-parse --show-toplevel [2ms]
2023-11-29 11:10:30.781 [info] fatal: not a git repository (or any of the parent directories): .git
2023-11-29 11:10:30.787 [info] > git rev-parse --show-toplevel [2ms]
2023-11-29 11:10:30.787 [info] fatal: not a git repository (or any of the parent directories): .git
2023-11-29 11:10:30.791 [info] > git rev-parse --show-toplevel [2ms]
2023-11-29 11:10:30.792 [info] fatal: not a git repository (or any of the parent directories): .git
2023-11-29 11:11:30.320 [info] > git rev-parse --show-toplevel [3ms]
2023-11-29 11:11:30.320 [info] fatal: not a git repository (or any of the parent directories): .git
2023-11-29 11:29:16.442 [info] > git rev-parse --show-toplevel [3ms]
2023-11-29 11:29:16.442 [info] fatal: not a git repository (or any of the parent directories): .git
2023-11-29 12:03:41.628 [info] > git rev-parse --show-toplevel [3ms]
2023-11-29 12:03:41.628 [info] fatal: not a git repository (or any of the parent directories): .git
2023-11-29 12:03:43.183 [info] > git rev-parse --show-toplevel [2ms]
2023-11-29 12:03:43.183 [info] fatal: not a git repository (or any of the parent directories): .git
2023-11-29 12:03:45.161 [info] > git rev-parse --show-toplevel [2ms]
2023-11-29 12:03:45.161 [info] fatal: not a git repository (or any of the parent directories): .git
2023-11-29 12:03:51.565 [info] > git rev-parse --show-toplevel [3ms]
2023-11-29 12:03:51.565 [info] fatal: not a git repository (or any of the parent directories): .git
